2017-12-05 12:55:39,793 INFO  [org.alfresco.repo.admin] [localhost-startStop-1] Using database URL 'jdbc:h2:/home/tushar/workspace1/EV.ft/In Progres/vesion-differnce/EV_6 version differnce/git me up baby/version-difference-alfresco/Version-Differnce-repo/alf_data_dev/h2_data/alf_dev;AUTO_SERVER=TRUE;DB_CLOSE_ON_EXIT=FALSE;LOCK_TIMEOUT=10000;MVCC=FALSE;LOCK_MODE=0' with user 'alfresco'.
2017-12-05 12:55:39,794 INFO  [org.alfresco.repo.admin] [localhost-startStop-1] Connected to database H2 version 1.4.190 (2015-10-11)
2017-12-05 12:55:44,086 INFO  [org.alfresco.repo.domain.schema.SchemaBootstrap] [localhost-startStop-1] Ignoring script patch (post-Hibernate): patch.db-V4.2-metadata-query-indexes
2017-12-05 12:55:44,224 INFO  [org.alfresco.repo.domain.schema.SchemaBootstrap] [localhost-startStop-1] Ignoring script patch (post-Hibernate): patch.db-V5.1-metadata-query-indexes
2017-12-05 12:55:44,224 INFO  [org.alfresco.repo.domain.schema.SchemaBootstrap] [localhost-startStop-1] Ignoring script patch (post-Hibernate): patch.db-V5.2-remove-jbpm-tables-from-db
2017-12-05 12:56:30,459 INFO  [org.alfresco.repo.admin] [localhost-startStop-1] Using database URL 'jdbc:h2:/home/tushar/workspace1/EV.ft/In Progres/vesion-differnce/EV_6 version differnce/git me up baby/version-difference-alfresco/Version-Differnce-repo/alf_data_dev/h2_data/alf_dev;AUTO_SERVER=TRUE;DB_CLOSE_ON_EXIT=FALSE;LOCK_TIMEOUT=10000;MVCC=FALSE;LOCK_MODE=0' with user 'alfresco'.
2017-12-05 12:56:30,461 INFO  [org.alfresco.repo.admin] [localhost-startStop-1] Connected to database H2 version 1.4.190 (2015-10-11)
2017-12-05 12:56:34,705 INFO  [org.alfresco.repo.domain.schema.SchemaBootstrap] [localhost-startStop-1] Ignoring script patch (post-Hibernate): patch.db-V4.2-metadata-query-indexes
2017-12-05 12:56:34,705 INFO  [org.alfresco.repo.domain.schema.SchemaBootstrap] [localhost-startStop-1] Ignoring script patch (post-Hibernate): patch.db-V5.1-metadata-query-indexes
2017-12-05 12:56:34,705 INFO  [org.alfresco.repo.domain.schema.SchemaBootstrap] [localhost-startStop-1] Ignoring script patch (post-Hibernate): patch.db-V5.2-remove-jbpm-tables-from-db
2017-12-05 12:56:40,340 INFO  [org.alfresco.repo.management.subsystems.ChildApplicationContextFactory] [localhost-startStop-1] Starting 'Authentication' subsystem, ID: [Authentication, managed, alfrescoNtlm1]
2017-12-05 12:56:40,539 INFO  [org.alfresco.repo.management.subsystems.ChildApplicationContextFactory] [localhost-startStop-1] Startup of 'Authentication' subsystem, ID: [Authentication, managed, alfrescoNtlm1] complete
2017-12-05 12:56:42,408 WARN  [org.springframework.web.context.support.XmlWebApplicationContext] [localhost-startStop-1] Exception encountered during context initialization - cancelling refresh attempt: org.springframework.beans.factory.BeanCreationException: Error creating bean with name 'sixth_repo.dictionaryBootstrap' defined in class path resource [alfresco/module/Version_difference_repo/context/bootstrap-context.xml]: Invocation of init method failed; nested exception is org.alfresco.service.cmr.dictionary.DictionaryException: 11050001 Could not import bootstrap model 'alfresco/module/Version_difference_repo/model/content-model.xml'
2017-12-05 12:56:42,950 INFO  [org.alfresco.repo.management.subsystems.ChildApplicationContextFactory] [localhost-startStop-1] Stopping 'Authentication' subsystem, ID: [Authentication, managed, alfrescoNtlm1]
2017-12-05 12:56:42,951 INFO  [org.alfresco.repo.management.subsystems.ChildApplicationContextFactory] [localhost-startStop-1] Stopped 'Authentication' subsystem, ID: [Authentication, managed, alfrescoNtlm1]
2017-12-05 12:56:42,955 ERROR [org.springframework.web.context.ContextLoader] [localhost-startStop-1] Context initialization failed
org.springframework.beans.factory.BeanCreationException: Error creating bean with name 'sixth_repo.dictionaryBootstrap' defined in class path resource [alfresco/module/Version_difference_repo/context/bootstrap-context.xml]: Invocation of init method failed; nested exception is org.alfresco.service.cmr.dictionary.DictionaryException: 11050001 Could not import bootstrap model 'alfresco/module/Version_difference_repo/model/content-model.xml'
	at org.springframework.beans.factory.support.AbstractAutowireCapableBeanFactory.initializeBean(AbstractAutowireCapableBeanFactory.java:1514)
	at org.springframework.beans.factory.support.AbstractAutowireCapableBeanFactory.doCreateBean(AbstractAutowireCapableBeanFactory.java:521)
	at org.springframework.beans.factory.support.AbstractAutowireCapableBeanFactory.createBean(AbstractAutowireCapableBeanFactory.java:458)
	at org.springframework.beans.factory.support.AbstractBeanFactory$1.getObject(AbstractBeanFactory.java:293)
	at org.springframework.beans.factory.support.DefaultSingletonBeanRegistry.getSingleton(DefaultSingletonBeanRegistry.java:223)
	at org.springframework.beans.factory.support.AbstractBeanFactory.doGetBean(AbstractBeanFactory.java:290)
	at org.springframework.beans.factory.support.AbstractBeanFactory.getBean(AbstractBeanFactory.java:191)
	at org.springframework.beans.factory.support.DefaultListableBeanFactory.preInstantiateSingletons(DefaultListableBeanFactory.java:636)
	at org.springframework.context.support.AbstractApplicationContext.finishBeanFactoryInitialization(AbstractApplicationContext.java:938)
	at org.springframework.context.support.AbstractApplicationContext.refresh(AbstractApplicationContext.java:479)
	at org.springframework.web.context.ContextLoader.configureAndRefreshWebApplicationContext(ContextLoader.java:410)
	at org.springframework.web.context.ContextLoader.initWebApplicationContext(ContextLoader.java:306)
	at org.springframework.web.context.ContextLoaderListener.contextInitialized(ContextLoaderListener.java:112)
	at org.alfresco.web.app.ContextLoaderListener.contextInitialized(ContextLoaderListener.java:70)
	at org.apache.catalina.core.StandardContext.listenerStart(StandardContext.java:4939)
	at org.apache.catalina.core.StandardContext.startInternal(StandardContext.java:5434)
	at org.apache.catalina.util.LifecycleBase.start(LifecycleBase.java:150)
	at org.apache.catalina.core.ContainerBase$StartChild.call(ContainerBase.java:1559)
	at org.apache.catalina.core.ContainerBase$StartChild.call(ContainerBase.java:1549)
	at java.util.concurrent.FutureTask.run(FutureTask.java:266)
	at java.util.concurrent.ThreadPoolExecutor.runWorker(ThreadPoolExecutor.java:1142)
	at java.util.concurrent.ThreadPoolExecutor$Worker.run(ThreadPoolExecutor.java:617)
	at java.lang.Thread.run(Thread.java:748)
Caused by: org.alfresco.service.cmr.dictionary.DictionaryException: 11050001 Could not import bootstrap model 'alfresco/module/Version_difference_repo/model/content-model.xml'
	at org.alfresco.repo.dictionary.DictionaryBootstrap.onDictionaryInit(DictionaryBootstrap.java:180)
	at org.alfresco.repo.dictionary.DictionaryBootstrap.bootstrap(DictionaryBootstrap.java:125)
	at sun.reflect.NativeMethodAccessorImpl.invoke0(Native Method)
	at sun.reflect.NativeMethodAccessorImpl.invoke(NativeMethodAccessorImpl.java:62)
	at sun.reflect.DelegatingMethodAccessorImpl.invoke(DelegatingMethodAccessorImpl.java:43)
	at java.lang.reflect.Method.invoke(Method.java:498)
	at org.springframework.beans.factory.support.AbstractAutowireCapableBeanFactory.invokeCustomInitMethod(AbstractAutowireCapableBeanFactory.java:1640)
	at org.springframework.beans.factory.support.AbstractAutowireCapableBeanFactory.invokeInitMethods(AbstractAutowireCapableBeanFactory.java:1581)
	at org.springframework.beans.factory.support.AbstractAutowireCapableBeanFactory.initializeBean(AbstractAutowireCapableBeanFactory.java:1511)
	... 22 more
Caused by: org.alfresco.service.cmr.dictionary.DictionaryException: 11050000 Failed to compile model 'acme:contentModel'
	at org.alfresco.repo.dictionary.CompiledModel.<init>(CompiledModel.java:126)
	at org.alfresco.repo.dictionary.M2Model.compile(M2Model.java:174)
	at org.alfresco.repo.dictionary.DictionaryDAOImpl.putModelImpl(DictionaryDAOImpl.java:273)
	at org.alfresco.repo.dictionary.DictionaryDAOImpl.putModel(DictionaryDAOImpl.java:260)
	at org.alfresco.repo.dictionary.DictionaryBootstrap.onDictionaryInit(DictionaryBootstrap.java:176)
	... 30 more
Caused by: org.alfresco.service.namespace.NamespaceException: Namespace prefix acme is not mapped to a namespace URI
	at org.alfresco.service.namespace.QName.createQName(QName.java:109)
	at org.alfresco.service.namespace.QName.createQName(QName.java:131)
	at org.alfresco.repo.dictionary.M2ModelDefinition.<init>(M2ModelDefinition.java:56)
	at org.alfresco.repo.dictionary.CompiledModel.constructDefinitions(CompiledModel.java:151)
	at org.alfresco.repo.dictionary.CompiledModel.<init>(CompiledModel.java:106)
	... 34 more
2017-12-05 12:59:02,053 INFO  [org.alfresco.repo.admin] [localhost-startStop-1] Using database URL 'jdbc:h2:/home/tushar/workspace1/EV.ft/In Progres/vesion-differnce/EV_6 version differnce/git me up baby/version-difference-alfresco/Version-Differnce-repo/alf_data_dev/h2_data/alf_dev;AUTO_SERVER=TRUE;DB_CLOSE_ON_EXIT=FALSE;LOCK_TIMEOUT=10000;MVCC=FALSE;LOCK_MODE=0' with user 'alfresco'.
2017-12-05 12:59:02,055 INFO  [org.alfresco.repo.admin] [localhost-startStop-1] Connected to database H2 version 1.4.190 (2015-10-11)
2017-12-05 12:59:06,269 INFO  [org.alfresco.repo.domain.schema.SchemaBootstrap] [localhost-startStop-1] Ignoring script patch (post-Hibernate): patch.db-V4.2-metadata-query-indexes
2017-12-05 12:59:06,270 INFO  [org.alfresco.repo.domain.schema.SchemaBootstrap] [localhost-startStop-1] Ignoring script patch (post-Hibernate): patch.db-V5.1-metadata-query-indexes
2017-12-05 12:59:06,270 INFO  [org.alfresco.repo.domain.schema.SchemaBootstrap] [localhost-startStop-1] Ignoring script patch (post-Hibernate): patch.db-V5.2-remove-jbpm-tables-from-db
2017-12-05 12:59:11,693 INFO  [org.alfresco.repo.management.subsystems.ChildApplicationContextFactory] [localhost-startStop-1] Starting 'Authentication' subsystem, ID: [Authentication, managed, alfrescoNtlm1]
2017-12-05 12:59:11,888 INFO  [org.alfresco.repo.management.subsystems.ChildApplicationContextFactory] [localhost-startStop-1] Startup of 'Authentication' subsystem, ID: [Authentication, managed, alfrescoNtlm1] complete
2017-12-05 12:59:13,751 WARN  [org.springframework.web.context.support.XmlWebApplicationContext] [localhost-startStop-1] Exception encountered during context initialization - cancelling refresh attempt: org.springframework.beans.factory.BeanCreationException: Error creating bean with name 'sixth_repo.dictionaryBootstrap' defined in class path resource [alfresco/module/Version_difference_repo/context/bootstrap-context.xml]: Invocation of init method failed; nested exception is org.alfresco.service.cmr.dictionary.DictionaryException: 11050001 Could not import bootstrap model 'alfresco/module/Version_difference_repo/model/content-model.xml'
2017-12-05 12:59:14,012 INFO  [org.alfresco.repo.management.subsystems.ChildApplicationContextFactory] [localhost-startStop-1] Stopping 'Authentication' subsystem, ID: [Authentication, managed, alfrescoNtlm1]
2017-12-05 12:59:14,013 INFO  [org.alfresco.repo.management.subsystems.ChildApplicationContextFactory] [localhost-startStop-1] Stopped 'Authentication' subsystem, ID: [Authentication, managed, alfrescoNtlm1]
2017-12-05 12:59:14,019 ERROR [org.springframework.web.context.ContextLoader] [localhost-startStop-1] Context initialization failed
org.springframework.beans.factory.BeanCreationException: Error creating bean with name 'sixth_repo.dictionaryBootstrap' defined in class path resource [alfresco/module/Version_difference_repo/context/bootstrap-context.xml]: Invocation of init method failed; nested exception is org.alfresco.service.cmr.dictionary.DictionaryException: 11050001 Could not import bootstrap model 'alfresco/module/Version_difference_repo/model/content-model.xml'
	at org.springframework.beans.factory.support.AbstractAutowireCapableBeanFactory.initializeBean(AbstractAutowireCapableBeanFactory.java:1514)
	at org.springframework.beans.factory.support.AbstractAutowireCapableBeanFactory.doCreateBean(AbstractAutowireCapableBeanFactory.java:521)
	at org.springframework.beans.factory.support.AbstractAutowireCapableBeanFactory.createBean(AbstractAutowireCapableBeanFactory.java:458)
	at org.springframework.beans.factory.support.AbstractBeanFactory$1.getObject(AbstractBeanFactory.java:293)
	at org.springframework.beans.factory.support.DefaultSingletonBeanRegistry.getSingleton(DefaultSingletonBeanRegistry.java:223)
	at org.springframework.beans.factory.support.AbstractBeanFactory.doGetBean(AbstractBeanFactory.java:290)
	at org.springframework.beans.factory.support.AbstractBeanFactory.getBean(AbstractBeanFactory.java:191)
	at org.springframework.beans.factory.support.DefaultListableBeanFactory.preInstantiateSingletons(DefaultListableBeanFactory.java:636)
	at org.springframework.context.support.AbstractApplicationContext.finishBeanFactoryInitialization(AbstractApplicationContext.java:938)
	at org.springframework.context.support.AbstractApplicationContext.refresh(AbstractApplicationContext.java:479)
	at org.springframework.web.context.ContextLoader.configureAndRefreshWebApplicationContext(ContextLoader.java:410)
	at org.springframework.web.context.ContextLoader.initWebApplicationContext(ContextLoader.java:306)
	at org.springframework.web.context.ContextLoaderListener.contextInitialized(ContextLoaderListener.java:112)
	at org.alfresco.web.app.ContextLoaderListener.contextInitialized(ContextLoaderListener.java:70)
	at org.apache.catalina.core.StandardContext.listenerStart(StandardContext.java:4939)
	at org.apache.catalina.core.StandardContext.startInternal(StandardContext.java:5434)
	at org.apache.catalina.util.LifecycleBase.start(LifecycleBase.java:150)
	at org.apache.catalina.core.ContainerBase$StartChild.call(ContainerBase.java:1559)
	at org.apache.catalina.core.ContainerBase$StartChild.call(ContainerBase.java:1549)
	at java.util.concurrent.FutureTask.run(FutureTask.java:266)
	at java.util.concurrent.ThreadPoolExecutor.runWorker(ThreadPoolExecutor.java:1142)
	at java.util.concurrent.ThreadPoolExecutor$Worker.run(ThreadPoolExecutor.java:617)
	at java.lang.Thread.run(Thread.java:748)
Caused by: org.alfresco.service.cmr.dictionary.DictionaryException: 11050001 Could not import bootstrap model 'alfresco/module/Version_difference_repo/model/content-model.xml'
	at org.alfresco.repo.dictionary.DictionaryBootstrap.onDictionaryInit(DictionaryBootstrap.java:180)
	at org.alfresco.repo.dictionary.DictionaryBootstrap.bootstrap(DictionaryBootstrap.java:125)
	at sun.reflect.NativeMethodAccessorImpl.invoke0(Native Method)
	at sun.reflect.NativeMethodAccessorImpl.invoke(NativeMethodAccessorImpl.java:62)
	at sun.reflect.DelegatingMethodAccessorImpl.invoke(DelegatingMethodAccessorImpl.java:43)
	at java.lang.reflect.Method.invoke(Method.java:498)
	at org.springframework.beans.factory.support.AbstractAutowireCapableBeanFactory.invokeCustomInitMethod(AbstractAutowireCapableBeanFactory.java:1640)
	at org.springframework.beans.factory.support.AbstractAutowireCapableBeanFactory.invokeInitMethods(AbstractAutowireCapableBeanFactory.java:1581)
	at org.springframework.beans.factory.support.AbstractAutowireCapableBeanFactory.initializeBean(AbstractAutowireCapableBeanFactory.java:1511)
	... 22 more
Caused by: org.alfresco.service.cmr.dictionary.DictionaryException: 11050000 Failed to parse model
	at org.alfresco.repo.dictionary.M2Model.createModel(M2Model.java:113)
	at org.alfresco.repo.dictionary.M2Model.createModel(M2Model.java:99)
	at org.alfresco.repo.dictionary.DictionaryBootstrap.onDictionaryInit(DictionaryBootstrap.java:168)
	... 30 more
Caused by: org.jibx.runtime.JiBXException: Error accessing document
	at org.jibx.runtime.impl.XMLPullReaderFactory$XMLPullReader.next(XMLPullReaderFactory.java:293)
	at org.jibx.runtime.impl.UnmarshallingContext.toStart(UnmarshallingContext.java:446)
	at org.jibx.runtime.impl.UnmarshallingContext.unmarshalElement(UnmarshallingContext.java:2750)
	at org.jibx.runtime.impl.UnmarshallingContext.unmarshalDocument(UnmarshallingContext.java:2900)
	at org.alfresco.repo.dictionary.M2Model.createModel(M2Model.java:108)
	... 32 more
Caused by: java.io.EOFException: no more data available START_DOCUMENT seen <?xml version="1.0" encoding="UTF-8"?>\r\n\r\n... @3:1
	at org.xmlpull.mxp1.MXParser.fillBuf(MXParser.java:3035)
	at org.xmlpull.mxp1.MXParser.more(MXParser.java:3046)
	at org.xmlpull.mxp1.MXParser.parseProlog(MXParser.java:1523)
	at org.xmlpull.mxp1.MXParser.nextImpl(MXParser.java:1395)
	at org.xmlpull.mxp1.MXParser.next(MXParser.java:1093)
	at org.jibx.runtime.impl.XMLPullReaderFactory$XMLPullReader.next(XMLPullReaderFactory.java:291)
	... 36 more
2017-12-05 13:01:45,901 INFO  [org.alfresco.repo.admin] [localhost-startStop-1] Using database URL 'jdbc:h2:/home/tushar/workspace1/EV.ft/In Progres/vesion-differnce/EV_6 version differnce/git me up baby/version-difference-alfresco/Version-Differnce-repo/alf_data_dev/h2_data/alf_dev;AUTO_SERVER=TRUE;DB_CLOSE_ON_EXIT=FALSE;LOCK_TIMEOUT=10000;MVCC=FALSE;LOCK_MODE=0' with user 'alfresco'.
2017-12-05 13:01:45,903 INFO  [org.alfresco.repo.admin] [localhost-startStop-1] Connected to database H2 version 1.4.190 (2015-10-11)
2017-12-05 13:01:50,161 INFO  [org.alfresco.repo.domain.schema.SchemaBootstrap] [localhost-startStop-1] Ignoring script patch (post-Hibernate): patch.db-V4.2-metadata-query-indexes
2017-12-05 13:01:50,161 INFO  [org.alfresco.repo.domain.schema.SchemaBootstrap] [localhost-startStop-1] Ignoring script patch (post-Hibernate): patch.db-V5.1-metadata-query-indexes
2017-12-05 13:01:50,162 INFO  [org.alfresco.repo.domain.schema.SchemaBootstrap] [localhost-startStop-1] Ignoring script patch (post-Hibernate): patch.db-V5.2-remove-jbpm-tables-from-db
2017-12-05 13:01:56,066 INFO  [org.alfresco.repo.management.subsystems.ChildApplicationContextFactory] [localhost-startStop-1] Starting 'Authentication' subsystem, ID: [Authentication, managed, alfrescoNtlm1]
2017-12-05 13:01:56,276 INFO  [org.alfresco.repo.management.subsystems.ChildApplicationContextFactory] [localhost-startStop-1] Startup of 'Authentication' subsystem, ID: [Authentication, managed, alfrescoNtlm1] complete
2017-12-05 13:01:58,217 WARN  [org.springframework.web.context.support.XmlWebApplicationContext] [localhost-startStop-1] Exception encountered during context initialization - cancelling refresh attempt: org.springframework.beans.factory.BeanCreationException: Error creating bean with name 'sixth_repo.dictionaryBootstrap' defined in class path resource [alfresco/module/Version_difference_repo/context/bootstrap-context.xml]: Invocation of init method failed; nested exception is org.alfresco.service.cmr.dictionary.DictionaryException: 11050001 Could not import bootstrap model 'alfresco/module/Version_difference_repo/model/workflow-model.xml'
2017-12-05 13:01:58,892 INFO  [org.alfresco.repo.management.subsystems.ChildApplicationContextFactory] [localhost-startStop-1] Stopping 'Authentication' subsystem, ID: [Authentication, managed, alfrescoNtlm1]
2017-12-05 13:01:58,893 INFO  [org.alfresco.repo.management.subsystems.ChildApplicationContextFactory] [localhost-startStop-1] Stopped 'Authentication' subsystem, ID: [Authentication, managed, alfrescoNtlm1]
2017-12-05 13:01:58,898 ERROR [org.springframework.web.context.ContextLoader] [localhost-startStop-1] Context initialization failed
org.springframework.beans.factory.BeanCreationException: Error creating bean with name 'sixth_repo.dictionaryBootstrap' defined in class path resource [alfresco/module/Version_difference_repo/context/bootstrap-context.xml]: Invocation of init method failed; nested exception is org.alfresco.service.cmr.dictionary.DictionaryException: 11050001 Could not import bootstrap model 'alfresco/module/Version_difference_repo/model/workflow-model.xml'
	at org.springframework.beans.factory.support.AbstractAutowireCapableBeanFactory.initializeBean(AbstractAutowireCapableBeanFactory.java:1514)
	at org.springframework.beans.factory.support.AbstractAutowireCapableBeanFactory.doCreateBean(AbstractAutowireCapableBeanFactory.java:521)
	at org.springframework.beans.factory.support.AbstractAutowireCapableBeanFactory.createBean(AbstractAutowireCapableBeanFactory.java:458)
	at org.springframework.beans.factory.support.AbstractBeanFactory$1.getObject(AbstractBeanFactory.java:293)
	at org.springframework.beans.factory.support.DefaultSingletonBeanRegistry.getSingleton(DefaultSingletonBeanRegistry.java:223)
	at org.springframework.beans.factory.support.AbstractBeanFactory.doGetBean(AbstractBeanFactory.java:290)
	at org.springframework.beans.factory.support.AbstractBeanFactory.getBean(AbstractBeanFactory.java:191)
	at org.springframework.beans.factory.support.DefaultListableBeanFactory.preInstantiateSingletons(DefaultListableBeanFactory.java:636)
	at org.springframework.context.support.AbstractApplicationContext.finishBeanFactoryInitialization(AbstractApplicationContext.java:938)
	at org.springframework.context.support.AbstractApplicationContext.refresh(AbstractApplicationContext.java:479)
	at org.springframework.web.context.ContextLoader.configureAndRefreshWebApplicationContext(ContextLoader.java:410)
	at org.springframework.web.context.ContextLoader.initWebApplicationContext(ContextLoader.java:306)
	at org.springframework.web.context.ContextLoaderListener.contextInitialized(ContextLoaderListener.java:112)
	at org.alfresco.web.app.ContextLoaderListener.contextInitialized(ContextLoaderListener.java:70)
	at org.apache.catalina.core.StandardContext.listenerStart(StandardContext.java:4939)
	at org.apache.catalina.core.StandardContext.startInternal(StandardContext.java:5434)
	at org.apache.catalina.util.LifecycleBase.start(LifecycleBase.java:150)
	at org.apache.catalina.core.ContainerBase$StartChild.call(ContainerBase.java:1559)
	at org.apache.catalina.core.ContainerBase$StartChild.call(ContainerBase.java:1549)
	at java.util.concurrent.FutureTask.run(FutureTask.java:266)
	at java.util.concurrent.ThreadPoolExecutor.runWorker(ThreadPoolExecutor.java:1142)
	at java.util.concurrent.ThreadPoolExecutor$Worker.run(ThreadPoolExecutor.java:617)
	at java.lang.Thread.run(Thread.java:748)
Caused by: org.alfresco.service.cmr.dictionary.DictionaryException: 11050001 Could not import bootstrap model 'alfresco/module/Version_difference_repo/model/workflow-model.xml'
	at org.alfresco.repo.dictionary.DictionaryBootstrap.onDictionaryInit(DictionaryBootstrap.java:180)
	at org.alfresco.repo.dictionary.DictionaryBootstrap.bootstrap(DictionaryBootstrap.java:125)
	at sun.reflect.NativeMethodAccessorImpl.invoke0(Native Method)
	at sun.reflect.NativeMethodAccessorImpl.invoke(NativeMethodAccessorImpl.java:62)
	at sun.reflect.DelegatingMethodAccessorImpl.invoke(DelegatingMethodAccessorImpl.java:43)
	at java.lang.reflect.Method.invoke(Method.java:498)
	at org.springframework.beans.factory.support.AbstractAutowireCapableBeanFactory.invokeCustomInitMethod(AbstractAutowireCapableBeanFactory.java:1640)
	at org.springframework.beans.factory.support.AbstractAutowireCapableBeanFactory.invokeInitMethods(AbstractAutowireCapableBeanFactory.java:1581)
	at org.springframework.beans.factory.support.AbstractAutowireCapableBeanFactory.initializeBean(AbstractAutowireCapableBeanFactory.java:1511)
	... 22 more
Caused by: org.alfresco.service.cmr.dictionary.DictionaryException: 11050000 Failed to compile model 'acmew:workflowModel'
	at org.alfresco.repo.dictionary.CompiledModel.<init>(CompiledModel.java:126)
	at org.alfresco.repo.dictionary.M2Model.compile(M2Model.java:174)
	at org.alfresco.repo.dictionary.DictionaryDAOImpl.putModelImpl(DictionaryDAOImpl.java:273)
	at org.alfresco.repo.dictionary.DictionaryDAOImpl.putModel(DictionaryDAOImpl.java:260)
	at org.alfresco.repo.dictionary.DictionaryBootstrap.onDictionaryInit(DictionaryBootstrap.java:176)
	... 30 more
Caused by: org.alfresco.service.namespace.NamespaceException: Namespace prefix acmew is not mapped to a namespace URI
	at org.alfresco.service.namespace.QName.createQName(QName.java:109)
	at org.alfresco.service.namespace.QName.createQName(QName.java:131)
	at org.alfresco.repo.dictionary.M2ModelDefinition.<init>(M2ModelDefinition.java:56)
	at org.alfresco.repo.dictionary.CompiledModel.constructDefinitions(CompiledModel.java:151)
	at org.alfresco.repo.dictionary.CompiledModel.<init>(CompiledModel.java:106)
	... 34 more
2017-12-05 13:03:30,053 INFO  [org.alfresco.repo.admin] [localhost-startStop-1] Using database URL 'jdbc:h2:/home/tushar/workspace1/EV.ft/In Progres/vesion-differnce/EV_6 version differnce/git me up baby/version-difference-alfresco/Version-Differnce-repo/alf_data_dev/h2_data/alf_dev;AUTO_SERVER=TRUE;DB_CLOSE_ON_EXIT=FALSE;LOCK_TIMEOUT=10000;MVCC=FALSE;LOCK_MODE=0' with user 'alfresco'.
2017-12-05 13:03:30,055 INFO  [org.alfresco.repo.admin] [localhost-startStop-1] Connected to database H2 version 1.4.190 (2015-10-11)
2017-12-05 13:03:34,194 INFO  [org.alfresco.repo.domain.schema.SchemaBootstrap] [localhost-startStop-1] Ignoring script patch (post-Hibernate): patch.db-V4.2-metadata-query-indexes
2017-12-05 13:03:34,194 INFO  [org.alfresco.repo.domain.schema.SchemaBootstrap] [localhost-startStop-1] Ignoring script patch (post-Hibernate): patch.db-V5.1-metadata-query-indexes
2017-12-05 13:03:34,194 INFO  [org.alfresco.repo.domain.schema.SchemaBootstrap] [localhost-startStop-1] Ignoring script patch (post-Hibernate): patch.db-V5.2-remove-jbpm-tables-from-db
2017-12-05 13:03:39,401 INFO  [org.alfresco.repo.management.subsystems.ChildApplicationContextFactory] [localhost-startStop-1] Starting 'Authentication' subsystem, ID: [Authentication, managed, alfrescoNtlm1]
2017-12-05 13:03:39,610 INFO  [org.alfresco.repo.management.subsystems.ChildApplicationContextFactory] [localhost-startStop-1] Startup of 'Authentication' subsystem, ID: [Authentication, managed, alfrescoNtlm1] complete
2017-12-05 13:03:41,508 WARN  [org.springframework.web.context.support.XmlWebApplicationContext] [localhost-startStop-1] Exception encountered during context initialization - cancelling refresh attempt: org.springframework.beans.factory.BeanCreationException: Error creating bean with name 'sixth_repo.dictionaryBootstrap' defined in class path resource [alfresco/module/Version_difference_repo/context/bootstrap-context.xml]: Invocation of init method failed; nested exception is org.alfresco.service.cmr.dictionary.DictionaryException: 11050001 Could not import bootstrap model 'alfresco/module/Version_difference_repo/model/workflow-model.xml'
2017-12-05 13:03:41,930 INFO  [org.alfresco.repo.management.subsystems.ChildApplicationContextFactory] [localhost-startStop-1] Stopping 'Authentication' subsystem, ID: [Authentication, managed, alfrescoNtlm1]
2017-12-05 13:03:41,930 INFO  [org.alfresco.repo.management.subsystems.ChildApplicationContextFactory] [localhost-startStop-1] Stopped 'Authentication' subsystem, ID: [Authentication, managed, alfrescoNtlm1]
2017-12-05 13:03:41,935 ERROR [org.springframework.web.context.ContextLoader] [localhost-startStop-1] Context initialization failed
org.springframework.beans.factory.BeanCreationException: Error creating bean with name 'sixth_repo.dictionaryBootstrap' defined in class path resource [alfresco/module/Version_difference_repo/context/bootstrap-context.xml]: Invocation of init method failed; nested exception is org.alfresco.service.cmr.dictionary.DictionaryException: 11050001 Could not import bootstrap model 'alfresco/module/Version_difference_repo/model/workflow-model.xml'
	at org.springframework.beans.factory.support.AbstractAutowireCapableBeanFactory.initializeBean(AbstractAutowireCapableBeanFactory.java:1514)
	at org.springframework.beans.factory.support.AbstractAutowireCapableBeanFactory.doCreateBean(AbstractAutowireCapableBeanFactory.java:521)
	at org.springframework.beans.factory.support.AbstractAutowireCapableBeanFactory.createBean(AbstractAutowireCapableBeanFactory.java:458)
	at org.springframework.beans.factory.support.AbstractBeanFactory$1.getObject(AbstractBeanFactory.java:293)
	at org.springframework.beans.factory.support.DefaultSingletonBeanRegistry.getSingleton(DefaultSingletonBeanRegistry.java:223)
	at org.springframework.beans.factory.support.AbstractBeanFactory.doGetBean(AbstractBeanFactory.java:290)
	at org.springframework.beans.factory.support.AbstractBeanFactory.getBean(AbstractBeanFactory.java:191)
	at org.springframework.beans.factory.support.DefaultListableBeanFactory.preInstantiateSingletons(DefaultListableBeanFactory.java:636)
	at org.springframework.context.support.AbstractApplicationContext.finishBeanFactoryInitialization(AbstractApplicationContext.java:938)
	at org.springframework.context.support.AbstractApplicationContext.refresh(AbstractApplicationContext.java:479)
	at org.springframework.web.context.ContextLoader.configureAndRefreshWebApplicationContext(ContextLoader.java:410)
	at org.springframework.web.context.ContextLoader.initWebApplicationContext(ContextLoader.java:306)
	at org.springframework.web.context.ContextLoaderListener.contextInitialized(ContextLoaderListener.java:112)
	at org.alfresco.web.app.ContextLoaderListener.contextInitialized(ContextLoaderListener.java:70)
	at org.apache.catalina.core.StandardContext.listenerStart(StandardContext.java:4939)
	at org.apache.catalina.core.StandardContext.startInternal(StandardContext.java:5434)
	at org.apache.catalina.util.LifecycleBase.start(LifecycleBase.java:150)
	at org.apache.catalina.core.ContainerBase$StartChild.call(ContainerBase.java:1559)
	at org.apache.catalina.core.ContainerBase$StartChild.call(ContainerBase.java:1549)
	at java.util.concurrent.FutureTask.run(FutureTask.java:266)
	at java.util.concurrent.ThreadPoolExecutor.runWorker(ThreadPoolExecutor.java:1142)
	at java.util.concurrent.ThreadPoolExecutor$Worker.run(ThreadPoolExecutor.java:617)
	at java.lang.Thread.run(Thread.java:748)
Caused by: org.alfresco.service.cmr.dictionary.DictionaryException: 11050001 Could not import bootstrap model 'alfresco/module/Version_difference_repo/model/workflow-model.xml'
	at org.alfresco.repo.dictionary.DictionaryBootstrap.onDictionaryInit(DictionaryBootstrap.java:180)
	at org.alfresco.repo.dictionary.DictionaryBootstrap.bootstrap(DictionaryBootstrap.java:125)
	at sun.reflect.NativeMethodAccessorImpl.invoke0(Native Method)
	at sun.reflect.NativeMethodAccessorImpl.invoke(NativeMethodAccessorImpl.java:62)
	at sun.reflect.DelegatingMethodAccessorImpl.invoke(DelegatingMethodAccessorImpl.java:43)
	at java.lang.reflect.Method.invoke(Method.java:498)
	at org.springframework.beans.factory.support.AbstractAutowireCapableBeanFactory.invokeCustomInitMethod(AbstractAutowireCapableBeanFactory.java:1640)
	at org.springframework.beans.factory.support.AbstractAutowireCapableBeanFactory.invokeInitMethods(AbstractAutowireCapableBeanFactory.java:1581)
	at org.springframework.beans.factory.support.AbstractAutowireCapableBeanFactory.initializeBean(AbstractAutowireCapableBeanFactory.java:1511)
	... 22 more
Caused by: org.alfresco.service.cmr.dictionary.DictionaryException: 11050000 Failed to compile model 'acmew:workflowModel'
	at org.alfresco.repo.dictionary.CompiledModel.<init>(CompiledModel.java:126)
	at org.alfresco.repo.dictionary.M2Model.compile(M2Model.java:174)
	at org.alfresco.repo.dictionary.DictionaryDAOImpl.putModelImpl(DictionaryDAOImpl.java:273)
	at org.alfresco.repo.dictionary.DictionaryDAOImpl.putModel(DictionaryDAOImpl.java:260)
	at org.alfresco.repo.dictionary.DictionaryBootstrap.onDictionaryInit(DictionaryBootstrap.java:176)
	... 30 more
Caused by: org.alfresco.service.namespace.NamespaceException: Namespace prefix acmew is not mapped to a namespace URI
	at org.alfresco.service.namespace.QName.createQName(QName.java:109)
	at org.alfresco.service.namespace.QName.createQName(QName.java:131)
	at org.alfresco.repo.dictionary.M2ModelDefinition.<init>(M2ModelDefinition.java:56)
	at org.alfresco.repo.dictionary.CompiledModel.constructDefinitions(CompiledModel.java:151)
	at org.alfresco.repo.dictionary.CompiledModel.<init>(CompiledModel.java:106)
	... 34 more
2017-12-05 13:05:22,304 INFO  [org.alfresco.repo.admin] [localhost-startStop-1] Using database URL 'jdbc:h2:/home/tushar/workspace1/EV.ft/In Progres/vesion-differnce/EV_6 version differnce/git me up baby/version-difference-alfresco/Version-Differnce-repo/alf_data_dev/h2_data/alf_dev;AUTO_SERVER=TRUE;DB_CLOSE_ON_EXIT=FALSE;LOCK_TIMEOUT=10000;MVCC=FALSE;LOCK_MODE=0' with user 'alfresco'.
2017-12-05 13:05:22,306 INFO  [org.alfresco.repo.admin] [localhost-startStop-1] Connected to database H2 version 1.4.190 (2015-10-11)
2017-12-05 13:05:26,489 INFO  [org.alfresco.repo.domain.schema.SchemaBootstrap] [localhost-startStop-1] Ignoring script patch (post-Hibernate): patch.db-V4.2-metadata-query-indexes
2017-12-05 13:05:26,489 INFO  [org.alfresco.repo.domain.schema.SchemaBootstrap] [localhost-startStop-1] Ignoring script patch (post-Hibernate): patch.db-V5.1-metadata-query-indexes
2017-12-05 13:05:26,489 INFO  [org.alfresco.repo.domain.schema.SchemaBootstrap] [localhost-startStop-1] Ignoring script patch (post-Hibernate): patch.db-V5.2-remove-jbpm-tables-from-db
2017-12-05 13:05:31,755 INFO  [org.alfresco.repo.management.subsystems.ChildApplicationContextFactory] [localhost-startStop-1] Starting 'Authentication' subsystem, ID: [Authentication, managed, alfrescoNtlm1]
2017-12-05 13:05:31,979 INFO  [org.alfresco.repo.management.subsystems.ChildApplicationContextFactory] [localhost-startStop-1] Startup of 'Authentication' subsystem, ID: [Authentication, managed, alfrescoNtlm1] complete
2017-12-05 13:05:34,097 INFO  [org.springframework.extensions.webscripts.TemplateProcessorRegistry] [localhost-startStop-1] Registered template processor Repository Template Processor for extension ftl
2017-12-05 13:05:34,099 INFO  [org.springframework.extensions.webscripts.ScriptProcessorRegistry] [localhost-startStop-1] Registered script processor Repository Script Processor for extension js
2017-12-05 13:05:36,379 INFO  [org.alfresco.repo.management.subsystems.ChildApplicationContextFactory] [localhost-startStop-1] Starting 'ContentStore' subsystem, ID: [ContentStore, managed, unencrypted]
2017-12-05 13:05:36,421 INFO  [org.alfresco.repo.management.subsystems.ChildApplicationContextFactory] [localhost-startStop-1] Startup of 'ContentStore' subsystem, ID: [ContentStore, managed, unencrypted] complete
2017-12-05 13:05:36,438 INFO  [org.alfresco.repo.domain.schema.SchemaBootstrap] [localhost-startStop-1] Connecting to database: jdbc:h2:/home/tushar/workspace1/EV.ft/In Progres/vesion-differnce/EV_6 version differnce/git me up baby/version-difference-alfresco/Version-Differnce-repo/alf_data_dev/h2_data/alf_dev, UserName=ALFRESCO, H2 JDBC Driver
2017-12-05 13:05:36,438 INFO  [org.alfresco.repo.domain.schema.SchemaBootstrap] [localhost-startStop-1] Schema managed by database dialect org.hibernate.dialect.H2Dialect.
2017-12-05 13:05:36,628 WARN  [org.alfresco.repo.domain.schema.SchemaBootstrap] [localhost-startStop-1] Schema validation found 85 potential problems, results written to: /tmp/Alfresco/Alfresco-H2Dialect-Validation-Pre-Upgrade-alf_-1661672252986116338.txt
2017-12-05 13:05:36,639 WARN  [org.alfresco.repo.domain.schema.SchemaBootstrap] [localhost-startStop-1] Schema validation found 26 potential problems, results written to: /tmp/Alfresco/Alfresco-H2Dialect-Validation-Pre-Upgrade-act_-8656449513017296420.txt
2017-12-05 13:05:36,697 INFO  [org.alfresco.repo.domain.schema.SchemaBootstrap] [localhost-startStop-1] Normalized schema dumped to file /tmp/Alfresco/Alfresco-schema-H2Dialect-pre-upgrade-alf_-3868778132441763333.xml.
2017-12-05 13:05:36,698 INFO  [org.alfresco.repo.domain.schema.SchemaBootstrap] [localhost-startStop-1] Normalized schema dumped to file /tmp/Alfresco/Alfresco-schema-H2Dialect-pre-upgrade-act_-242115285282637698.xml.
2017-12-05 13:05:36,700 INFO  [org.alfresco.repo.domain.schema.SchemaBootstrap] [localhost-startStop-1] Executing database script /tmp/Alfresco/AlfrescoSchema-H2Dialect-Update-5180136890589656717.sql (Copied from classpath:alfresco/dbscripts/create/org.hibernate.dialect.H2Dialect/AlfrescoCreate-RepoTables.sql).
2017-12-05 13:05:36,826 INFO  [org.alfresco.repo.domain.schema.SchemaBootstrap] [localhost-startStop-1] Executing database script /tmp/Alfresco/AlfrescoSchema-H2Dialect-Update-9139718304086769869.sql (Copied from classpath:alfresco/dbscripts/create/org.hibernate.dialect.H2Dialect/AlfrescoCreate-LockTables.sql).
2017-12-05 13:05:36,833 INFO  [org.alfresco.repo.domain.schema.SchemaBootstrap] [localhost-startStop-1] Executing database script /tmp/Alfresco/AlfrescoSchema-H2Dialect-Update-8798529908749107345.sql (Copied from classpath:alfresco/dbscripts/create/org.hibernate.dialect.H2Dialect/AlfrescoCreate-ContentTables.sql).
2017-12-05 13:05:36,846 INFO  [org.alfresco.repo.domain.schema.SchemaBootstrap] [localhost-startStop-1] Executing database script /tmp/Alfresco/AlfrescoSchema-H2Dialect-Update-2737747254964002051.sql (Copied from classpath:alfresco/dbscripts/create/org.hibernate.dialect.H2Dialect/AlfrescoCreate-PropertyValueTables.sql).
2017-12-05 13:05:36,867 INFO  [org.alfresco.repo.domain.schema.SchemaBootstrap] [localhost-startStop-1] Executing database script /tmp/Alfresco/AlfrescoSchema-H2Dialect-Update-5916597947766289576.sql (Copied from classpath:alfresco/dbscripts/create/org.hibernate.dialect.H2Dialect/AlfrescoCreate-ContentUrlEncryptionTables.sql).
2017-12-05 13:05:36,875 INFO  [org.alfresco.repo.domain.schema.SchemaBootstrap] [localhost-startStop-1] Executing database script /tmp/Alfresco/AlfrescoSchema-H2Dialect-Update-5016906943497946414.sql (Copied from classpath:alfresco/dbscripts/create/org.hibernate.dialect.H2Dialect/AlfrescoCreate-AuditTables.sql).
2017-12-05 13:05:36,893 INFO  [org.alfresco.repo.domain.schema.SchemaBootstrap] [localhost-startStop-1] Executing database script /tmp/Alfresco/AlfrescoSchema-H2Dialect-Update-4496869915623176853.sql (Copied from classpath:alfresco/dbscripts/create/org.hibernate.dialect.H2Dialect/AlfrescoCreate-ActivityTables.sql).
2017-12-05 13:05:36,900 INFO  [org.alfresco.repo.domain.schema.SchemaBootstrap] [localhost-startStop-1] Executing database script /tmp/Alfresco/AlfrescoSchema-H2Dialect-Update-3165947236073629742.sql (Copied from classpath:alfresco/dbscripts/create/org.hibernate.dialect.H2Dialect/AlfrescoCreate-UsageTables.sql).
2017-12-05 13:05:36,905 INFO  [org.alfresco.repo.domain.schema.SchemaBootstrap] [localhost-startStop-1] Executing database script /tmp/Alfresco/AlfrescoSchema-H2Dialect-Update-8751972375254145065.sql (Copied from classpath:alfresco/dbscripts/create/org.hibernate.dialect.H2Dialect/AlfrescoCreate-SubscriptionTables.sql).
2017-12-05 13:05:36,910 INFO  [org.alfresco.repo.domain.schema.SchemaBootstrap] [localhost-startStop-1] Executing database script /tmp/Alfresco/AlfrescoSchema-H2Dialect-Update-6566554491779175536.sql (Copied from classpath:alfresco/dbscripts/create/org.hibernate.dialect.H2Dialect/AlfrescoCreate-TenantTables.sql).
2017-12-05 13:05:36,913 INFO  [org.alfresco.repo.domain.schema.SchemaBootstrap] [localhost-startStop-1] Executing database script /tmp/Alfresco/AlfrescoSchema-H2Dialect-Update-993940601500614357.sql (Copied from classpath:alfresco/dbscripts/create/org.hibernate.dialect.H2Dialect/AlfrescoCreate-AuthorizationTables.sql).
2017-12-05 13:05:36,919 INFO  [org.alfresco.repo.domain.schema.SchemaBootstrap] [localhost-startStop-1] Create scripts executed in 352 ms
2017-12-05 13:05:37,255 INFO  [org.alfresco.repo.domain.schema.SchemaBootstrap] [localhost-startStop-1] All executed statements:  /tmp/Alfresco/AlfrescoSchema-H2Dialect-All_Statements-3130544701109878516.sql.
2017-12-05 13:05:37,591 WARN  [org.alfresco.repo.domain.schema.SchemaBootstrap] [localhost-startStop-1] Schema validation found 754 potential problems, results written to: /tmp/Alfresco/Alfresco-H2Dialect-Validation-Post-Upgrade-alf_-5566822764752478268.txt
2017-12-05 13:05:37,930 WARN  [org.alfresco.repo.domain.schema.SchemaBootstrap] [localhost-startStop-1] Schema validation found 275 potential problems, results written to: /tmp/Alfresco/Alfresco-H2Dialect-Validation-Post-Upgrade-act_-7280848212925051817.txt
2017-12-05 13:05:38,872 INFO  [org.alfresco.repo.domain.schema.SchemaBootstrap] [localhost-startStop-1] Normalized schema dumped to file /tmp/Alfresco/Alfresco-schema-H2Dialect-post-upgrade-alf_-3834682286204123231.xml.
2017-12-05 13:05:38,873 INFO  [org.alfresco.repo.domain.schema.SchemaBootstrap] [localhost-startStop-1] Normalized schema dumped to file /tmp/Alfresco/Alfresco-schema-H2Dialect-post-upgrade-act_-8050266375066114106.xml.
2017-12-05 13:05:39,052 INFO  [org.alfresco.repo.management.subsystems.ChildApplicationContextFactory] [localhost-startStop-1] Starting 'Search' subsystem, ID: [Search, managed, solr4]
2017-12-05 13:05:39,327 INFO  [org.alfresco.repo.management.subsystems.ChildApplicationContextFactory] [localhost-startStop-1] Startup of 'Search' subsystem, ID: [Search, managed, solr4] complete
2017-12-05 13:05:45,964 INFO  [org.alfresco.repo.management.subsystems.ChildApplicationContextFactory] [localhost-startStop-1] Starting 'thirdparty' subsystem, ID: [thirdparty, default]
2017-12-05 13:05:46,013 ERROR [org.alfresco.repo.content.transform.magick.AbstractImageMagickContentTransformerWorker] [localhost-startStop-1] ImageMagickContentTransformerWorker not available: 11050032 Failed to perform ImageMagick transformation: 
Execution result: 
   os:         Linux
   command:    ./ImageMagick/bin/convert /tmp/Alfresco/ImageMagickContentTransformerWorker_init_source_781890936830040862.gif -strip /tmp/Alfresco/ImageMagickContentTransformerWorker_init_target_4466577338990722481.png
   succeeded:  false
   exit code:  1
   out:        
   err:        Cannot run program "./ImageMagick/bin/convert": error=2, No such file or directory
2017-12-05 13:05:46,013 INFO  [org.alfresco.repo.management.subsystems.ChildApplicationContextFactory] [localhost-startStop-1] Startup of 'thirdparty' subsystem, ID: [thirdparty, default] complete
2017-12-05 13:05:46,013 INFO  [org.alfresco.repo.management.subsystems.ChildApplicationContextFactory] [localhost-startStop-1] Starting 'OOoDirect' subsystem, ID: [OOoDirect, default]
2017-12-05 13:05:46,273 WARN  [org.alfresco.util.OpenOfficeConnectionTester] [localhost-startStop-1] An initial OpenOffice connection could not be established.
2017-12-05 13:05:46,275 INFO  [org.alfresco.repo.management.subsystems.ChildApplicationContextFactory] [localhost-startStop-1] Startup of 'OOoDirect' subsystem, ID: [OOoDirect, default] complete
2017-12-05 13:05:46,277 INFO  [org.alfresco.repo.admin.ConfigurationChecker] [localhost-startStop-1] The root data directory ('dir.root') is: /home/tushar/workspace1/EV.ft/In Progres/vesion-differnce/EV_6 version differnce/git me up baby/version-difference-alfresco/Version-Differnce-repo/alf_data_dev
2017-12-05 13:05:46,289 INFO  [org.alfresco.repo.admin.patch.PatchExecuter] [localhost-startStop-1] Checking for patches to apply ...
2017-12-05 13:05:46,354 WARN  [org.alfresco.repo.admin.patch.PatchExecuter] [localhost-startStop-1] Patch description is not available: Patch[ id=patch.contentFormFolderType, description=patch.contentFormFolderType.description, fixesFromSchema=0, fixesToSchema=36, targetSchema=37, ignored=false]
2017-12-05 13:05:46,364 WARN  [org.alfresco.repo.admin.patch.PatchExecuter] [localhost-startStop-1] Patch description is not available: Patch[ id=patch.redeploySubmitProcess, description=patch.redeploySubmitProcess.description, fixesFromSchema=0, fixesToSchema=57, targetSchema=58, ignored=false]
2017-12-05 13:05:46,534 INFO  [org.alfresco.repo.admin.patch.PatchExecuter] [localhost-startStop-1] 	Applying patch 'patch.exampleJavaScript' (Loads sample Javascript file into datadictionary scripts folder).
2017-12-05 13:05:46,556 INFO  [org.alfresco.repo.admin.patch.PatchExecuter] [localhost-startStop-1] 	Applying patch 'patch.siteLoadPatch.swsdp' (Loads a sample site into the repository.).
2017-12-05 13:05:46,594 INFO  [org.alfresco.repo.management.subsystems.ChildApplicationContextFactory] [localhost-startStop-1] Starting 'sysAdmin' subsystem, ID: [sysAdmin, default]
2017-12-05 13:05:46,619 INFO  [org.alfresco.repo.management.subsystems.ChildApplicationContextFactory] [localhost-startStop-1] Startup of 'sysAdmin' subsystem, ID: [sysAdmin, default] complete
2017-12-05 13:05:48,623 INFO  [org.alfresco.repo.admin.patch.PatchExecuter] [localhost-startStop-1] 
=== Applied patch                 === 
ID: patch.db-V3.4-UsageTables
RESULT: 
Script completed
=====================================
2017-12-05 13:05:48,624 INFO  [org.alfresco.repo.admin.patch.PatchExecuter] [localhost-startStop-1] 
=== Applied patch                 === 
ID: patch.db-V4.0-TenantTables
RESULT: 
Script completed
=====================================
2017-12-05 13:05:48,624 INFO  [org.alfresco.repo.admin.patch.PatchExecuter] [localhost-startStop-1] 
=== Applied patch                 === 
ID: patch.db-V4.1-AuthorizationTables
RESULT: 
Script completed
=====================================
2017-12-05 13:05:48,625 INFO  [org.alfresco.repo.admin.patch.PatchExecuter] [localhost-startStop-1] 
=== Applied patch                 === 
ID: patch.db-V5.0-ContentUrlEncryptionTables
RESULT: 
Script completed
=====================================
2017-12-05 13:05:48,625 INFO  [org.alfresco.repo.admin.patch.PatchExecuter] [localhost-startStop-1] 
=== Applied patch                 === 
ID: patch.exampleJavaScript
RESULT: 
Imported view into bootstrap location: /app:company_home/app:dictionary/app:scripts (workspace://SpacesStore/996e4f9e-a8d3-4d2d-a242-b65c05469583)
=====================================
2017-12-05 13:05:48,625 INFO  [org.alfresco.repo.admin.patch.PatchExecuter] [localhost-startStop-1] 
=== Applied patch                 === 
ID: patch.siteLoadPatch.swsdp
RESULT: 
Site swsdp imported.
=====================================
2017-12-05 13:05:48,642 INFO  [org.alfresco.repo.module.ModuleServiceImpl] [localhost-startStop-1] Found 3 module package(s).
2017-12-05 13:05:48,656 INFO  [org.alfresco.repo.module.ModuleServiceImpl] [localhost-startStop-1] Installing module 'Version_difference_repo' version 1.0.
2017-12-05 13:05:48,667 INFO  [org.alfresco.repo.module.ModuleServiceImpl] [localhost-startStop-1] Installing module 'alfresco-share-services' version 5.2.0.
2017-12-05 13:05:48,677 INFO  [org.alfresco.repo.module.ModuleServiceImpl] [localhost-startStop-1] Installing module 'alfresco-trashcan-cleaner' version 2.2.
2017-12-05 13:05:48,682 ERROR [org.alfresco.repo.module.ModuleComponentHelper] [localhost-startStop-1] The component 'com.eisenvault.sixth_repo.DemoComponent' belongs to a non-existent module 'sixth-repo'.
2017-12-05 13:05:48,685 INFO  [org.alfresco.repo.management.subsystems.ChildApplicationContextFactory] [localhost-startStop-1] Starting 'fileServers' subsystem, ID: [fileServers, default]
2017-12-05 13:05:49,028 INFO  [org.alfresco.repo.management.subsystems.ChildApplicationContextFactory] [localhost-startStop-1] Startup of 'fileServers' subsystem, ID: [fileServers, default] complete
2017-12-05 13:05:49,028 INFO  [org.alfresco.repo.management.subsystems.ChildApplicationContextFactory] [localhost-startStop-1] Starting 'imap' subsystem, ID: [imap, default]
2017-12-05 13:05:49,118 INFO  [org.alfresco.repo.management.subsystems.ChildApplicationContextFactory] [localhost-startStop-1] Startup of 'imap' subsystem, ID: [imap, default] complete
2017-12-05 13:05:49,118 INFO  [org.alfresco.repo.management.subsystems.ChildApplicationContextFactory] [localhost-startStop-1] Starting 'email' subsystem, ID: [email, outbound]
2017-12-05 13:05:49,202 INFO  [org.alfresco.repo.management.subsystems.ChildApplicationContextFactory] [localhost-startStop-1] Startup of 'email' subsystem, ID: [email, outbound] complete
2017-12-05 13:05:49,202 INFO  [org.alfresco.repo.management.subsystems.ChildApplicationContextFactory] [localhost-startStop-1] Starting 'email' subsystem, ID: [email, inbound]
2017-12-05 13:05:49,261 INFO  [org.alfresco.repo.management.subsystems.ChildApplicationContextFactory] [localhost-startStop-1] Startup of 'email' subsystem, ID: [email, inbound] complete
2017-12-05 13:05:49,261 INFO  [org.alfresco.repo.management.subsystems.ChildApplicationContextFactory] [localhost-startStop-1] Starting 'Subscriptions' subsystem, ID: [Subscriptions, default]
2017-12-05 13:05:49,284 INFO  [org.alfresco.repo.management.subsystems.ChildApplicationContextFactory] [localhost-startStop-1] Startup of 'Subscriptions' subsystem, ID: [Subscriptions, default] complete
2017-12-05 13:05:49,293 INFO  [org.alfresco.repo.management.subsystems.ChildApplicationContextFactory] [localhost-startStop-1] Starting 'Synchronization' subsystem, ID: [Synchronization, default]
2017-12-05 13:05:49,345 INFO  [org.alfresco.repo.management.subsystems.ChildApplicationContextFactory] [localhost-startStop-1] Startup of 'Synchronization' subsystem, ID: [Synchronization, default] complete
2017-12-05 13:05:49,356 INFO  [org.alfresco.service.descriptor.DescriptorService] [localhost-startStop-1] Alfresco JVM - v1.8.0_131-b11; maximum heap size 1820.500MB
2017-12-05 13:05:49,356 INFO  [org.alfresco.service.descriptor.DescriptorService] [localhost-startStop-1] Server Mode :UNKNOWN
2017-12-05 13:05:49,359 INFO  [org.alfresco.service.descriptor.DescriptorService] [localhost-startStop-1] Alfresco Content Services started (Community). Current version: 5.2.0 (r135134-b14) schema 10,005. Originally installed version: 5.2.0 (r135134-b14) schema 10,005.
2017-12-05 13:05:49,366 INFO  [org.alfresco.repo.management.subsystems.ChildApplicationContextFactory] [localhost-startStop-1] Starting 'ActivitiesFeed' subsystem, ID: [ActivitiesFeed, default]
2017-12-05 13:05:49,561 INFO  [org.alfresco.repo.management.subsystems.ChildApplicationContextFactory] [localhost-startStop-1] Startup of 'ActivitiesFeed' subsystem, ID: [ActivitiesFeed, default] complete
2017-12-05 13:05:49,562 INFO  [org.alfresco.repo.management.subsystems.ChildApplicationContextFactory] [localhost-startStop-1] Starting 'Replication' subsystem, ID: [Replication, default]
2017-12-05 13:05:49,582 INFO  [org.alfresco.repo.management.subsystems.ChildApplicationContextFactory] [localhost-startStop-1] Startup of 'Replication' subsystem, ID: [Replication, default] complete
2017-12-05 13:05:53,846 INFO  [org.springframework.extensions.webscripts.DeclarativeRegistry] [asynchronouslyRefreshedCacheThreadPool1] Registered 401 Web Scripts (+0 failed), 550 URLs
2017-12-05 13:05:53,848 INFO  [org.springframework.extensions.webscripts.DeclarativeRegistry] [asynchronouslyRefreshedCacheThreadPool1] Registered 1 Package Description Documents (+0 failed) 
2017-12-05 13:05:53,848 INFO  [org.springframework.extensions.webscripts.DeclarativeRegistry] [asynchronouslyRefreshedCacheThreadPool1] Registered 0 Schema Description Documents (+0 failed) 
2017-12-05 13:05:55,748 INFO  [org.springframework.extensions.webscripts.DeclarativeRegistry] [localhost-startStop-1] Registered 401 Web Scripts (+0 failed), 550 URLs
2017-12-05 13:05:55,748 INFO  [org.springframework.extensions.webscripts.DeclarativeRegistry] [localhost-startStop-1] Registered 1 Package Description Documents (+0 failed) 
2017-12-05 13:05:55,748 INFO  [org.springframework.extensions.webscripts.DeclarativeRegistry] [localhost-startStop-1] Registered 0 Schema Description Documents (+0 failed) 
2017-12-05 13:05:55,754 INFO  [org.springframework.extensions.webscripts.AbstractRuntimeContainer] [localhost-startStop-1] Initialised Repository Web Script Container (in 5242.5654ms)
2017-12-05 13:05:55,772 INFO  [org.springframework.extensions.webscripts.TemplateProcessorRegistry] [localhost-startStop-1] Registered template processor freemarker for extension ftl
2017-12-05 13:05:55,777 INFO  [org.springframework.extensions.webscripts.ScriptProcessorRegistry] [localhost-startStop-1] Registered script processor javascript for extension js
2017-12-05 13:05:57,589 INFO  [org.springframework.extensions.webscripts.DeclarativeRegistry] [asynchronouslyRefreshedCacheThreadPool1] Registered 401 Web Scripts (+0 failed), 550 URLs
2017-12-05 13:05:57,589 INFO  [org.springframework.extensions.webscripts.DeclarativeRegistry] [asynchronouslyRefreshedCacheThreadPool1] Registered 1 Package Description Documents (+0 failed) 
2017-12-05 13:05:57,590 INFO  [org.springframework.extensions.webscripts.DeclarativeRegistry] [asynchronouslyRefreshedCacheThreadPool1] Registered 0 Schema Description Documents (+0 failed) 
2017-12-05 13:05:57,687 INFO  [org.springframework.extensions.webscripts.DeclarativeRegistry] [asynchronouslyRefreshedCacheThreadPool1] Registered 13 Web Scripts (+0 failed), 102 URLs
2017-12-05 13:05:57,687 INFO  [org.springframework.extensions.webscripts.DeclarativeRegistry] [asynchronouslyRefreshedCacheThreadPool1] Registered 0 Package Description Documents (+0 failed) 
2017-12-05 13:05:57,687 INFO  [org.springframework.extensions.webscripts.DeclarativeRegistry] [asynchronouslyRefreshedCacheThreadPool1] Registered 0 Schema Description Documents (+0 failed) 
2017-12-05 13:05:57,783 INFO  [org.springframework.extensions.webscripts.DeclarativeRegistry] [localhost-startStop-1] Registered 13 Web Scripts (+0 failed), 102 URLs
2017-12-05 13:05:57,783 INFO  [org.springframework.extensions.webscripts.DeclarativeRegistry] [localhost-startStop-1] Registered 0 Package Description Documents (+0 failed) 
2017-12-05 13:05:57,783 INFO  [org.springframework.extensions.webscripts.DeclarativeRegistry] [localhost-startStop-1] Registered 0 Schema Description Documents (+0 failed) 
2017-12-05 13:05:57,789 INFO  [org.springframework.extensions.webscripts.AbstractRuntimeContainer] [localhost-startStop-1] Initialised Public Api Web Script Container (in 1951.2513ms)
2017-12-05 13:05:57,844 INFO  [org.springframework.extensions.webscripts.DeclarativeRegistry] [asynchronouslyRefreshedCacheThreadPool1] Registered 13 Web Scripts (+0 failed), 102 URLs
2017-12-05 13:05:57,845 INFO  [org.springframework.extensions.webscripts.DeclarativeRegistry] [asynchronouslyRefreshedCacheThreadPool1] Registered 0 Package Description Documents (+0 failed) 
2017-12-05 13:05:57,846 INFO  [org.springframework.extensions.webscripts.DeclarativeRegistry] [asynchronouslyRefreshedCacheThreadPool1] Registered 0 Schema Description Documents (+0 failed) 
2017-12-05 13:06:45,187 INFO  [org.alfresco.repo.management.subsystems.ChildApplicationContextFactory] [http-bio-8080-exec-7] Starting 'Transformers' subsystem, ID: [Transformers, default]
2017-12-05 13:06:45,382 INFO  [org.alfresco.repo.management.subsystems.ChildApplicationContextFactory] [http-bio-8080-exec-7] Startup of 'Transformers' subsystem, ID: [Transformers, default] complete
2017-12-05 13:07:00,256 WARN  [org.alfresco.util.OpenOfficeConnectionTester] [DefaultScheduler_Worker-3] Error trying to query Open Office version information. OpenOffice.org's ConfigurationRegistry not implemented in this version of OOo. This should not affect the operation of OOo.
2017-12-05 13:07:00,257 INFO  [org.alfresco.util.OpenOfficeConnectionTester] [DefaultScheduler_Worker-3] The OpenOffice connection was re-established.
2017-12-05 13:07:26,934 ERROR [org.alfresco.util.SocketOpenOfficeConnection] [MessageDispatcher] disconnected unexpectedly
2017-12-05 13:07:27,179 INFO  [org.alfresco.repo.management.subsystems.ChildApplicationContextFactory] [localhost-startStop-2] Stopping 'Replication' subsystem, ID: [Replication, default]
2017-12-05 13:07:27,180 INFO  [org.alfresco.repo.management.subsystems.ChildApplicationContextFactory] [localhost-startStop-2] Stopped 'Replication' subsystem, ID: [Replication, default]
2017-12-05 13:07:27,238 INFO  [org.alfresco.repo.management.subsystems.ChildApplicationContextFactory] [localhost-startStop-2] Stopping 'Subscriptions' subsystem, ID: [Subscriptions, default]
2017-12-05 13:07:27,239 INFO  [org.alfresco.repo.management.subsystems.ChildApplicationContextFactory] [localhost-startStop-2] Stopped 'Subscriptions' subsystem, ID: [Subscriptions, default]
2017-12-05 13:07:27,239 INFO  [org.alfresco.repo.management.subsystems.ChildApplicationContextFactory] [localhost-startStop-2] Stopping 'email' subsystem, ID: [email, inbound]
2017-12-05 13:07:27,239 INFO  [org.alfresco.repo.management.subsystems.ChildApplicationContextFactory] [localhost-startStop-2] Stopped 'email' subsystem, ID: [email, inbound]
2017-12-05 13:07:27,240 INFO  [org.alfresco.repo.management.subsystems.ChildApplicationContextFactory] [localhost-startStop-2] Stopping 'fileServers' subsystem, ID: [fileServers, default]
2017-12-05 13:07:27,242 INFO  [org.alfresco.repo.management.subsystems.ChildApplicationContextFactory] [localhost-startStop-2] Stopped 'fileServers' subsystem, ID: [fileServers, default]
2017-12-05 13:07:27,253 INFO  [org.alfresco.repo.management.subsystems.ChildApplicationContextFactory] [localhost-startStop-2] Stopping 'ActivitiesFeed' subsystem, ID: [ActivitiesFeed, default]
2017-12-05 13:07:27,254 INFO  [org.alfresco.repo.management.subsystems.ChildApplicationContextFactory] [localhost-startStop-2] Stopped 'ActivitiesFeed' subsystem, ID: [ActivitiesFeed, default]
2017-12-05 13:07:27,258 INFO  [org.alfresco.repo.management.subsystems.ChildApplicationContextFactory] [localhost-startStop-2] Stopping 'OOoDirect' subsystem, ID: [OOoDirect, default]
2017-12-05 13:07:27,259 INFO  [org.alfresco.repo.management.subsystems.ChildApplicationContextFactory] [localhost-startStop-2] Stopped 'OOoDirect' subsystem, ID: [OOoDirect, default]
2017-12-05 13:07:27,259 INFO  [org.alfresco.repo.management.subsystems.ChildApplicationContextFactory] [localhost-startStop-2] Stopping 'ContentStore' subsystem, ID: [ContentStore, managed, unencrypted]
2017-12-05 13:07:27,259 INFO  [org.alfresco.repo.management.subsystems.ChildApplicationContextFactory] [localhost-startStop-2] Stopped 'ContentStore' subsystem, ID: [ContentStore, managed, unencrypted]
2017-12-05 13:07:27,261 INFO  [org.alfresco.repo.management.subsystems.ChildApplicationContextFactory] [localhost-startStop-2] Stopping 'Synchronization' subsystem, ID: [Synchronization, default]
2017-12-05 13:07:27,262 INFO  [org.alfresco.repo.management.subsystems.ChildApplicationContextFactory] [localhost-startStop-2] Stopped 'Synchronization' subsystem, ID: [Synchronization, default]
2017-12-05 13:07:27,278 INFO  [org.alfresco.repo.management.subsystems.ChildApplicationContextFactory] [localhost-startStop-2] Stopping 'email' subsystem, ID: [email, outbound]
2017-12-05 13:07:27,279 INFO  [org.alfresco.repo.management.subsystems.ChildApplicationContextFactory] [localhost-startStop-2] Stopped 'email' subsystem, ID: [email, outbound]
2017-12-05 13:07:27,293 INFO  [org.alfresco.repo.management.subsystems.ChildApplicationContextFactory] [localhost-startStop-2] Stopping 'imap' subsystem, ID: [imap, default]
2017-12-05 13:07:27,295 INFO  [org.alfresco.repo.management.subsystems.ChildApplicationContextFactory] [localhost-startStop-2] Stopped 'imap' subsystem, ID: [imap, default]
2017-12-05 13:07:27,809 INFO  [org.alfresco.repo.management.subsystems.ChildApplicationContextFactory] [localhost-startStop-2] Stopping 'Search' subsystem, ID: [Search, managed, solr4]
2017-12-05 13:07:28,155 INFO  [org.alfresco.repo.management.subsystems.ChildApplicationContextFactory] [localhost-startStop-2] Stopped 'Search' subsystem, ID: [Search, managed, solr4]
2017-12-05 13:07:28,252 INFO  [org.alfresco.repo.management.subsystems.ChildApplicationContextFactory] [localhost-startStop-2] Stopping 'thirdparty' subsystem, ID: [thirdparty, default]
2017-12-05 13:07:28,252 INFO  [org.alfresco.repo.management.subsystems.ChildApplicationContextFactory] [localhost-startStop-2] Stopped 'thirdparty' subsystem, ID: [thirdparty, default]
2017-12-05 13:07:28,253 INFO  [org.alfresco.repo.management.subsystems.ChildApplicationContextFactory] [localhost-startStop-2] Stopping 'Transformers' subsystem, ID: [Transformers, default]
2017-12-05 13:07:28,253 INFO  [org.alfresco.repo.management.subsystems.ChildApplicationContextFactory] [localhost-startStop-2] Stopped 'Transformers' subsystem, ID: [Transformers, default]
2017-12-05 13:07:28,254 INFO  [org.alfresco.repo.management.subsystems.ChildApplicationContextFactory] [localhost-startStop-2] Stopping 'Authentication' subsystem, ID: [Authentication, managed, alfrescoNtlm1]
2017-12-05 13:07:28,254 INFO  [org.alfresco.repo.management.subsystems.ChildApplicationContextFactory] [localhost-startStop-2] Stopped 'Authentication' subsystem, ID: [Authentication, managed, alfrescoNtlm1]
2017-12-05 13:07:28,254 INFO  [org.alfresco.repo.management.subsystems.ChildApplicationContextFactory] [localhost-startStop-2] Stopping 'sysAdmin' subsystem, ID: [sysAdmin, default]
2017-12-05 13:07:28,254 INFO  [org.alfresco.repo.management.subsystems.ChildApplicationContextFactory] [localhost-startStop-2] Stopped 'sysAdmin' subsystem, ID: [sysAdmin, default]
