2017-12-05 12:56:52,993 INFO  [org.alfresco.solr.component.AsyncBuildSuggestComponent] Initializing SuggestComponent
2017-12-05 12:56:52,993 INFO  [org.alfresco.solr.component.AsyncBuildSuggestComponent] Initializing SuggestComponent
2017-12-05 12:56:53,163 INFO  [org.alfresco.solr.component.AsyncBuildSuggestComponent] Loading suggester index for: shingleBasedSuggestions
2017-12-05 12:56:53,194 INFO  [org.alfresco.solr.component.AsyncBuildSuggestComponent] Loaded suggester shingleBasedSuggestions, took 31 ms
2017-12-05 12:57:00,689 ERROR [org.alfresco.solr.tracker.AbstractTracker] Model tracking failed
org.alfresco.error.AlfrescoRuntimeException: 11050000 GetModelsDiff return status is 404
	at org.alfresco.solr.client.SOLRAPIClient.getModelsDiff(SOLRAPIClient.java:1181)
	at org.alfresco.solr.tracker.ModelTracker.trackModelsImpl(ModelTracker.java:256)
	at org.alfresco.solr.tracker.ModelTracker.trackModels(ModelTracker.java:214)
	at org.alfresco.solr.tracker.ModelTracker.ensureFirstModelSync(ModelTracker.java:236)
	at org.alfresco.solr.tracker.CoreWatcherJob.registerForCore(CoreWatcherJob.java:145)
	at org.alfresco.solr.tracker.CoreWatcherJob.execute(CoreWatcherJob.java:82)
	at org.quartz.core.JobRunShell.run(JobRunShell.java:216)
	at org.quartz.simpl.SimpleThreadPool$WorkerThread.run(SimpleThreadPool.java:563)
2017-12-05 12:57:00,728 ERROR [org.alfresco.solr.tracker.AbstractTracker] Tracking failed
org.alfresco.error.AlfrescoRuntimeException: 11050001 api/solr/aclchangesets return status:404
	at org.alfresco.solr.client.SOLRAPIClient.getAclChangeSets(SOLRAPIClient.java:169)
	at org.alfresco.solr.tracker.AclTracker.checkRepoAndIndexConsistency(AclTracker.java:342)
	at org.alfresco.solr.tracker.AclTracker.trackRepository(AclTracker.java:320)
	at org.alfresco.solr.tracker.AclTracker.doTrack(AclTracker.java:111)
	at org.alfresco.solr.tracker.AbstractTracker.track(AbstractTracker.java:190)
	at org.alfresco.solr.tracker.TrackerJob.execute(TrackerJob.java:54)
	at org.quartz.core.JobRunShell.run(JobRunShell.java:216)
	at org.quartz.simpl.SimpleThreadPool$WorkerThread.run(SimpleThreadPool.java:563)
2017-12-05 12:57:00,736 ERROR [org.alfresco.solr.tracker.AbstractTracker] Tracking failed
org.alfresco.error.AlfrescoRuntimeException: 11050002 GetModelsDiff return status is 404
	at org.alfresco.solr.client.SOLRAPIClient.getModelsDiff(SOLRAPIClient.java:1181)
	at org.alfresco.solr.tracker.ModelTracker.trackModelsImpl(ModelTracker.java:256)
	at org.alfresco.solr.tracker.ModelTracker.trackModels(ModelTracker.java:214)
	at org.alfresco.solr.tracker.ModelTracker.doTrack(ModelTracker.java:174)
	at org.alfresco.solr.tracker.AbstractTracker.track(AbstractTracker.java:190)
	at org.alfresco.solr.tracker.TrackerJob.execute(TrackerJob.java:54)
	at org.quartz.core.JobRunShell.run(JobRunShell.java:216)
	at org.quartz.simpl.SimpleThreadPool$WorkerThread.run(SimpleThreadPool.java:563)
2017-12-05 12:57:00,748 ERROR [org.alfresco.solr.tracker.AbstractTracker] Model tracking failed
org.alfresco.error.AlfrescoRuntimeException: 11050003 GetModelsDiff return status is 404
	at org.alfresco.solr.client.SOLRAPIClient.getModelsDiff(SOLRAPIClient.java:1181)
	at org.alfresco.solr.tracker.ModelTracker.trackModelsImpl(ModelTracker.java:256)
	at org.alfresco.solr.tracker.ModelTracker.trackModels(ModelTracker.java:214)
	at org.alfresco.solr.tracker.ModelTracker.ensureFirstModelSync(ModelTracker.java:236)
	at org.alfresco.solr.component.EnsureModelsComponent.prepare(EnsureModelsComponent.java:87)
	at org.apache.solr.handler.component.AlfrescoSearchHandler.handleRequestBody(AlfrescoSearchHandler.java:292)
	at org.apache.solr.handler.RequestHandlerBase.handleRequest(RequestHandlerBase.java:135)
	at org.alfresco.solr.Cloud.getResponse(Cloud.java:166)
	at org.alfresco.solr.Cloud.getSolrDocumentList(Cloud.java:150)
	at org.alfresco.solr.SolrInformationServer.getDocsWithUncleanContent(SolrInformationServer.java:722)
	at org.alfresco.solr.tracker.ContentTracker.doTrack(ContentTracker.java:81)
	at org.alfresco.solr.tracker.AbstractTracker.track(AbstractTracker.java:190)
	at org.alfresco.solr.tracker.TrackerJob.execute(TrackerJob.java:54)
	at org.quartz.core.JobRunShell.run(JobRunShell.java:216)
	at org.quartz.simpl.SimpleThreadPool$WorkerThread.run(SimpleThreadPool.java:563)
2017-12-05 12:57:00,758 ERROR [org.alfresco.solr.tracker.AbstractTracker] Model tracking failed
org.alfresco.error.AlfrescoRuntimeException: 11050004 GetModelsDiff return status is 404
	at org.alfresco.solr.client.SOLRAPIClient.getModelsDiff(SOLRAPIClient.java:1181)
	at org.alfresco.solr.tracker.ModelTracker.trackModelsImpl(ModelTracker.java:256)
	at org.alfresco.solr.tracker.ModelTracker.trackModels(ModelTracker.java:214)
	at org.alfresco.solr.tracker.ModelTracker.ensureFirstModelSync(ModelTracker.java:236)
	at org.alfresco.solr.tracker.CoreWatcherJob.registerForCore(CoreWatcherJob.java:145)
	at org.alfresco.solr.tracker.CoreWatcherJob.execute(CoreWatcherJob.java:82)
	at org.quartz.core.JobRunShell.run(JobRunShell.java:216)
	at org.quartz.simpl.SimpleThreadPool$WorkerThread.run(SimpleThreadPool.java:563)
2017-12-05 12:57:00,767 ERROR [org.alfresco.solr.tracker.AbstractTracker] Tracking failed
org.alfresco.error.AlfrescoRuntimeException: 11050005 api/solr/aclchangesets return status:404
	at org.alfresco.solr.client.SOLRAPIClient.getAclChangeSets(SOLRAPIClient.java:169)
	at org.alfresco.solr.tracker.AclTracker.checkRepoAndIndexConsistency(AclTracker.java:342)
	at org.alfresco.solr.tracker.AclTracker.trackRepository(AclTracker.java:320)
	at org.alfresco.solr.tracker.AclTracker.doTrack(AclTracker.java:111)
	at org.alfresco.solr.tracker.AbstractTracker.track(AbstractTracker.java:190)
	at org.alfresco.solr.tracker.TrackerJob.execute(TrackerJob.java:54)
	at org.quartz.core.JobRunShell.run(JobRunShell.java:216)
	at org.quartz.simpl.SimpleThreadPool$WorkerThread.run(SimpleThreadPool.java:563)
2017-12-05 12:57:00,779 ERROR [org.alfresco.solr.tracker.AbstractTracker] Model tracking failed
org.alfresco.error.AlfrescoRuntimeException: 11050006 GetModelsDiff return status is 404
	at org.alfresco.solr.client.SOLRAPIClient.getModelsDiff(SOLRAPIClient.java:1181)
	at org.alfresco.solr.tracker.ModelTracker.trackModelsImpl(ModelTracker.java:256)
	at org.alfresco.solr.tracker.ModelTracker.trackModels(ModelTracker.java:214)
	at org.alfresco.solr.tracker.ModelTracker.ensureFirstModelSync(ModelTracker.java:236)
	at org.alfresco.solr.component.EnsureModelsComponent.prepare(EnsureModelsComponent.java:87)
	at org.apache.solr.handler.component.AlfrescoSearchHandler.handleRequestBody(AlfrescoSearchHandler.java:292)
	at org.apache.solr.handler.RequestHandlerBase.handleRequest(RequestHandlerBase.java:135)
	at org.alfresco.solr.Cloud.getResponse(Cloud.java:166)
	at org.alfresco.solr.Cloud.getSolrDocumentList(Cloud.java:150)
	at org.alfresco.solr.SolrInformationServer.getDocsWithUncleanContent(SolrInformationServer.java:722)
	at org.alfresco.solr.tracker.ContentTracker.doTrack(ContentTracker.java:81)
	at org.alfresco.solr.tracker.AbstractTracker.track(AbstractTracker.java:190)
	at org.alfresco.solr.tracker.TrackerJob.execute(TrackerJob.java:54)
	at org.quartz.core.JobRunShell.run(JobRunShell.java:216)
	at org.quartz.simpl.SimpleThreadPool$WorkerThread.run(SimpleThreadPool.java:563)
2017-12-05 12:57:15,018 ERROR [org.alfresco.solr.tracker.AbstractTracker] Tracking failed
org.alfresco.error.AlfrescoRuntimeException: 11050007 api/solr/aclchangesets return status:404
	at org.alfresco.solr.client.SOLRAPIClient.getAclChangeSets(SOLRAPIClient.java:169)
	at org.alfresco.solr.tracker.AclTracker.checkRepoAndIndexConsistency(AclTracker.java:342)
	at org.alfresco.solr.tracker.AclTracker.trackRepository(AclTracker.java:320)
	at org.alfresco.solr.tracker.AclTracker.doTrack(AclTracker.java:111)
	at org.alfresco.solr.tracker.AbstractTracker.track(AbstractTracker.java:190)
	at org.alfresco.solr.tracker.TrackerJob.execute(TrackerJob.java:54)
	at org.quartz.core.JobRunShell.run(JobRunShell.java:216)
	at org.quartz.simpl.SimpleThreadPool$WorkerThread.run(SimpleThreadPool.java:563)
2017-12-05 12:57:15,019 ERROR [org.alfresco.solr.tracker.AbstractTracker] Tracking failed
org.alfresco.error.AlfrescoRuntimeException: 11050008 api/solr/aclchangesets return status:404
	at org.alfresco.solr.client.SOLRAPIClient.getAclChangeSets(SOLRAPIClient.java:169)
	at org.alfresco.solr.tracker.AclTracker.checkRepoAndIndexConsistency(AclTracker.java:342)
	at org.alfresco.solr.tracker.AclTracker.trackRepository(AclTracker.java:320)
	at org.alfresco.solr.tracker.AclTracker.doTrack(AclTracker.java:111)
	at org.alfresco.solr.tracker.AbstractTracker.track(AbstractTracker.java:190)
	at org.alfresco.solr.tracker.TrackerJob.execute(TrackerJob.java:54)
	at org.quartz.core.JobRunShell.run(JobRunShell.java:216)
	at org.quartz.simpl.SimpleThreadPool$WorkerThread.run(SimpleThreadPool.java:563)
2017-12-05 12:57:15,024 ERROR [org.alfresco.solr.tracker.AbstractTracker] Model tracking failed
org.alfresco.error.AlfrescoRuntimeException: 11050009 GetModelsDiff return status is 404
	at org.alfresco.solr.client.SOLRAPIClient.getModelsDiff(SOLRAPIClient.java:1181)
	at org.alfresco.solr.tracker.ModelTracker.trackModelsImpl(ModelTracker.java:256)
	at org.alfresco.solr.tracker.ModelTracker.trackModels(ModelTracker.java:214)
	at org.alfresco.solr.tracker.ModelTracker.ensureFirstModelSync(ModelTracker.java:236)
	at org.alfresco.solr.component.EnsureModelsComponent.prepare(EnsureModelsComponent.java:87)
	at org.apache.solr.handler.component.AlfrescoSearchHandler.handleRequestBody(AlfrescoSearchHandler.java:292)
	at org.apache.solr.handler.RequestHandlerBase.handleRequest(RequestHandlerBase.java:135)
	at org.alfresco.solr.Cloud.getResponse(Cloud.java:166)
	at org.alfresco.solr.Cloud.getSolrDocumentList(Cloud.java:150)
	at org.alfresco.solr.SolrInformationServer.getDocsWithUncleanContent(SolrInformationServer.java:722)
	at org.alfresco.solr.tracker.ContentTracker.doTrack(ContentTracker.java:81)
	at org.alfresco.solr.tracker.AbstractTracker.track(AbstractTracker.java:190)
	at org.alfresco.solr.tracker.TrackerJob.execute(TrackerJob.java:54)
	at org.quartz.core.JobRunShell.run(JobRunShell.java:216)
	at org.quartz.simpl.SimpleThreadPool$WorkerThread.run(SimpleThreadPool.java:563)
2017-12-05 12:57:15,033 ERROR [org.alfresco.solr.tracker.AbstractTracker] Model tracking failed
org.alfresco.error.AlfrescoRuntimeException: 11050010 GetModelsDiff return status is 404
	at org.alfresco.solr.client.SOLRAPIClient.getModelsDiff(SOLRAPIClient.java:1181)
	at org.alfresco.solr.tracker.ModelTracker.trackModelsImpl(ModelTracker.java:256)
	at org.alfresco.solr.tracker.ModelTracker.trackModels(ModelTracker.java:214)
	at org.alfresco.solr.tracker.ModelTracker.ensureFirstModelSync(ModelTracker.java:236)
	at org.alfresco.solr.component.EnsureModelsComponent.prepare(EnsureModelsComponent.java:87)
	at org.apache.solr.handler.component.AlfrescoSearchHandler.handleRequestBody(AlfrescoSearchHandler.java:292)
	at org.apache.solr.handler.RequestHandlerBase.handleRequest(RequestHandlerBase.java:135)
	at org.alfresco.solr.Cloud.getResponse(Cloud.java:166)
	at org.alfresco.solr.Cloud.getSolrDocumentList(Cloud.java:150)
	at org.alfresco.solr.SolrInformationServer.getDocsWithUncleanContent(SolrInformationServer.java:722)
	at org.alfresco.solr.tracker.ContentTracker.doTrack(ContentTracker.java:81)
	at org.alfresco.solr.tracker.AbstractTracker.track(AbstractTracker.java:190)
	at org.alfresco.solr.tracker.TrackerJob.execute(TrackerJob.java:54)
	at org.quartz.core.JobRunShell.run(JobRunShell.java:216)
	at org.quartz.simpl.SimpleThreadPool$WorkerThread.run(SimpleThreadPool.java:563)
2017-12-05 12:57:15,038 ERROR [org.alfresco.solr.tracker.AbstractTracker] Tracking failed
org.alfresco.error.AlfrescoRuntimeException: 11050011 GetModelsDiff return status is 404
	at org.alfresco.solr.client.SOLRAPIClient.getModelsDiff(SOLRAPIClient.java:1181)
	at org.alfresco.solr.tracker.ModelTracker.trackModelsImpl(ModelTracker.java:256)
	at org.alfresco.solr.tracker.ModelTracker.trackModels(ModelTracker.java:214)
	at org.alfresco.solr.tracker.ModelTracker.doTrack(ModelTracker.java:174)
	at org.alfresco.solr.tracker.AbstractTracker.track(AbstractTracker.java:190)
	at org.alfresco.solr.tracker.TrackerJob.execute(TrackerJob.java:54)
	at org.quartz.core.JobRunShell.run(JobRunShell.java:216)
	at org.quartz.simpl.SimpleThreadPool$WorkerThread.run(SimpleThreadPool.java:563)
2017-12-05 12:57:30,012 ERROR [org.alfresco.solr.tracker.AbstractTracker] Tracking failed
org.alfresco.error.AlfrescoRuntimeException: 11050012 api/solr/aclchangesets return status:404
	at org.alfresco.solr.client.SOLRAPIClient.getAclChangeSets(SOLRAPIClient.java:169)
	at org.alfresco.solr.tracker.AclTracker.checkRepoAndIndexConsistency(AclTracker.java:342)
	at org.alfresco.solr.tracker.AclTracker.trackRepository(AclTracker.java:320)
	at org.alfresco.solr.tracker.AclTracker.doTrack(AclTracker.java:111)
	at org.alfresco.solr.tracker.AbstractTracker.track(AbstractTracker.java:190)
	at org.alfresco.solr.tracker.TrackerJob.execute(TrackerJob.java:54)
	at org.quartz.core.JobRunShell.run(JobRunShell.java:216)
	at org.quartz.simpl.SimpleThreadPool$WorkerThread.run(SimpleThreadPool.java:563)
2017-12-05 12:57:30,013 ERROR [org.alfresco.solr.tracker.AbstractTracker] Tracking failed
org.alfresco.error.AlfrescoRuntimeException: 11050013 api/solr/aclchangesets return status:404
	at org.alfresco.solr.client.SOLRAPIClient.getAclChangeSets(SOLRAPIClient.java:169)
	at org.alfresco.solr.tracker.AclTracker.checkRepoAndIndexConsistency(AclTracker.java:342)
	at org.alfresco.solr.tracker.AclTracker.trackRepository(AclTracker.java:320)
	at org.alfresco.solr.tracker.AclTracker.doTrack(AclTracker.java:111)
	at org.alfresco.solr.tracker.AbstractTracker.track(AbstractTracker.java:190)
	at org.alfresco.solr.tracker.TrackerJob.execute(TrackerJob.java:54)
	at org.quartz.core.JobRunShell.run(JobRunShell.java:216)
	at org.quartz.simpl.SimpleThreadPool$WorkerThread.run(SimpleThreadPool.java:563)
2017-12-05 12:57:30,018 ERROR [org.alfresco.solr.tracker.AbstractTracker] Model tracking failed
org.alfresco.error.AlfrescoRuntimeException: 11050014 GetModelsDiff return status is 404
	at org.alfresco.solr.client.SOLRAPIClient.getModelsDiff(SOLRAPIClient.java:1181)
	at org.alfresco.solr.tracker.ModelTracker.trackModelsImpl(ModelTracker.java:256)
	at org.alfresco.solr.tracker.ModelTracker.trackModels(ModelTracker.java:214)
	at org.alfresco.solr.tracker.ModelTracker.ensureFirstModelSync(ModelTracker.java:236)
	at org.alfresco.solr.component.EnsureModelsComponent.prepare(EnsureModelsComponent.java:87)
	at org.apache.solr.handler.component.AlfrescoSearchHandler.handleRequestBody(AlfrescoSearchHandler.java:292)
	at org.apache.solr.handler.RequestHandlerBase.handleRequest(RequestHandlerBase.java:135)
	at org.alfresco.solr.Cloud.getResponse(Cloud.java:166)
	at org.alfresco.solr.Cloud.getSolrDocumentList(Cloud.java:150)
	at org.alfresco.solr.SolrInformationServer.getDocsWithUncleanContent(SolrInformationServer.java:722)
	at org.alfresco.solr.tracker.ContentTracker.doTrack(ContentTracker.java:81)
	at org.alfresco.solr.tracker.AbstractTracker.track(AbstractTracker.java:190)
	at org.alfresco.solr.tracker.TrackerJob.execute(TrackerJob.java:54)
	at org.quartz.core.JobRunShell.run(JobRunShell.java:216)
	at org.quartz.simpl.SimpleThreadPool$WorkerThread.run(SimpleThreadPool.java:563)
2017-12-05 12:57:30,023 ERROR [org.alfresco.solr.tracker.AbstractTracker] Model tracking failed
org.alfresco.error.AlfrescoRuntimeException: 11050015 GetModelsDiff return status is 404
	at org.alfresco.solr.client.SOLRAPIClient.getModelsDiff(SOLRAPIClient.java:1181)
	at org.alfresco.solr.tracker.ModelTracker.trackModelsImpl(ModelTracker.java:256)
	at org.alfresco.solr.tracker.ModelTracker.trackModels(ModelTracker.java:214)
	at org.alfresco.solr.tracker.ModelTracker.ensureFirstModelSync(ModelTracker.java:236)
	at org.alfresco.solr.component.EnsureModelsComponent.prepare(EnsureModelsComponent.java:87)
	at org.apache.solr.handler.component.AlfrescoSearchHandler.handleRequestBody(AlfrescoSearchHandler.java:292)
	at org.apache.solr.handler.RequestHandlerBase.handleRequest(RequestHandlerBase.java:135)
	at org.alfresco.solr.Cloud.getResponse(Cloud.java:166)
	at org.alfresco.solr.Cloud.getSolrDocumentList(Cloud.java:150)
	at org.alfresco.solr.SolrInformationServer.getDocsWithUncleanContent(SolrInformationServer.java:722)
	at org.alfresco.solr.tracker.ContentTracker.doTrack(ContentTracker.java:81)
	at org.alfresco.solr.tracker.AbstractTracker.track(AbstractTracker.java:190)
	at org.alfresco.solr.tracker.TrackerJob.execute(TrackerJob.java:54)
	at org.quartz.core.JobRunShell.run(JobRunShell.java:216)
	at org.quartz.simpl.SimpleThreadPool$WorkerThread.run(SimpleThreadPool.java:563)
2017-12-05 12:57:30,032 ERROR [org.alfresco.solr.tracker.AbstractTracker] Tracking failed
org.alfresco.error.AlfrescoRuntimeException: 11050016 GetModelsDiff return status is 404
	at org.alfresco.solr.client.SOLRAPIClient.getModelsDiff(SOLRAPIClient.java:1181)
	at org.alfresco.solr.tracker.ModelTracker.trackModelsImpl(ModelTracker.java:256)
	at org.alfresco.solr.tracker.ModelTracker.trackModels(ModelTracker.java:214)
	at org.alfresco.solr.tracker.ModelTracker.doTrack(ModelTracker.java:174)
	at org.alfresco.solr.tracker.AbstractTracker.track(AbstractTracker.java:190)
	at org.alfresco.solr.tracker.TrackerJob.execute(TrackerJob.java:54)
	at org.quartz.core.JobRunShell.run(JobRunShell.java:216)
	at org.quartz.simpl.SimpleThreadPool$WorkerThread.run(SimpleThreadPool.java:563)
2017-12-05 12:57:45,011 ERROR [org.alfresco.solr.tracker.AbstractTracker] Tracking failed
org.alfresco.error.AlfrescoRuntimeException: 11050017 api/solr/aclchangesets return status:404
	at org.alfresco.solr.client.SOLRAPIClient.getAclChangeSets(SOLRAPIClient.java:169)
	at org.alfresco.solr.tracker.AclTracker.checkRepoAndIndexConsistency(AclTracker.java:342)
	at org.alfresco.solr.tracker.AclTracker.trackRepository(AclTracker.java:320)
	at org.alfresco.solr.tracker.AclTracker.doTrack(AclTracker.java:111)
	at org.alfresco.solr.tracker.AbstractTracker.track(AbstractTracker.java:190)
	at org.alfresco.solr.tracker.TrackerJob.execute(TrackerJob.java:54)
	at org.quartz.core.JobRunShell.run(JobRunShell.java:216)
	at org.quartz.simpl.SimpleThreadPool$WorkerThread.run(SimpleThreadPool.java:563)
2017-12-05 12:57:45,012 ERROR [org.alfresco.solr.tracker.AbstractTracker] Tracking failed
org.alfresco.error.AlfrescoRuntimeException: 11050018 api/solr/aclchangesets return status:404
	at org.alfresco.solr.client.SOLRAPIClient.getAclChangeSets(SOLRAPIClient.java:169)
	at org.alfresco.solr.tracker.AclTracker.checkRepoAndIndexConsistency(AclTracker.java:342)
	at org.alfresco.solr.tracker.AclTracker.trackRepository(AclTracker.java:320)
	at org.alfresco.solr.tracker.AclTracker.doTrack(AclTracker.java:111)
	at org.alfresco.solr.tracker.AbstractTracker.track(AbstractTracker.java:190)
	at org.alfresco.solr.tracker.TrackerJob.execute(TrackerJob.java:54)
	at org.quartz.core.JobRunShell.run(JobRunShell.java:216)
	at org.quartz.simpl.SimpleThreadPool$WorkerThread.run(SimpleThreadPool.java:563)
2017-12-05 12:57:45,014 ERROR [org.alfresco.solr.tracker.AbstractTracker] Model tracking failed
org.alfresco.error.AlfrescoRuntimeException: 11050019 GetModelsDiff return status is 404
	at org.alfresco.solr.client.SOLRAPIClient.getModelsDiff(SOLRAPIClient.java:1181)
	at org.alfresco.solr.tracker.ModelTracker.trackModelsImpl(ModelTracker.java:256)
	at org.alfresco.solr.tracker.ModelTracker.trackModels(ModelTracker.java:214)
	at org.alfresco.solr.tracker.ModelTracker.ensureFirstModelSync(ModelTracker.java:236)
	at org.alfresco.solr.component.EnsureModelsComponent.prepare(EnsureModelsComponent.java:87)
	at org.apache.solr.handler.component.AlfrescoSearchHandler.handleRequestBody(AlfrescoSearchHandler.java:292)
	at org.apache.solr.handler.RequestHandlerBase.handleRequest(RequestHandlerBase.java:135)
	at org.alfresco.solr.Cloud.getResponse(Cloud.java:166)
	at org.alfresco.solr.Cloud.getSolrDocumentList(Cloud.java:150)
	at org.alfresco.solr.SolrInformationServer.getDocsWithUncleanContent(SolrInformationServer.java:722)
	at org.alfresco.solr.tracker.ContentTracker.doTrack(ContentTracker.java:81)
	at org.alfresco.solr.tracker.AbstractTracker.track(AbstractTracker.java:190)
	at org.alfresco.solr.tracker.TrackerJob.execute(TrackerJob.java:54)
	at org.quartz.core.JobRunShell.run(JobRunShell.java:216)
	at org.quartz.simpl.SimpleThreadPool$WorkerThread.run(SimpleThreadPool.java:563)
2017-12-05 12:57:45,019 ERROR [org.alfresco.solr.tracker.AbstractTracker] Model tracking failed
org.alfresco.error.AlfrescoRuntimeException: 11050020 GetModelsDiff return status is 404
	at org.alfresco.solr.client.SOLRAPIClient.getModelsDiff(SOLRAPIClient.java:1181)
	at org.alfresco.solr.tracker.ModelTracker.trackModelsImpl(ModelTracker.java:256)
	at org.alfresco.solr.tracker.ModelTracker.trackModels(ModelTracker.java:214)
	at org.alfresco.solr.tracker.ModelTracker.ensureFirstModelSync(ModelTracker.java:236)
	at org.alfresco.solr.component.EnsureModelsComponent.prepare(EnsureModelsComponent.java:87)
	at org.apache.solr.handler.component.AlfrescoSearchHandler.handleRequestBody(AlfrescoSearchHandler.java:292)
	at org.apache.solr.handler.RequestHandlerBase.handleRequest(RequestHandlerBase.java:135)
	at org.alfresco.solr.Cloud.getResponse(Cloud.java:166)
	at org.alfresco.solr.Cloud.getSolrDocumentList(Cloud.java:150)
	at org.alfresco.solr.SolrInformationServer.getDocsWithUncleanContent(SolrInformationServer.java:722)
	at org.alfresco.solr.tracker.ContentTracker.doTrack(ContentTracker.java:81)
	at org.alfresco.solr.tracker.AbstractTracker.track(AbstractTracker.java:190)
	at org.alfresco.solr.tracker.TrackerJob.execute(TrackerJob.java:54)
	at org.quartz.core.JobRunShell.run(JobRunShell.java:216)
	at org.quartz.simpl.SimpleThreadPool$WorkerThread.run(SimpleThreadPool.java:563)
2017-12-05 12:57:45,026 ERROR [org.alfresco.solr.tracker.AbstractTracker] Tracking failed
org.alfresco.error.AlfrescoRuntimeException: 11050021 GetModelsDiff return status is 404
	at org.alfresco.solr.client.SOLRAPIClient.getModelsDiff(SOLRAPIClient.java:1181)
	at org.alfresco.solr.tracker.ModelTracker.trackModelsImpl(ModelTracker.java:256)
	at org.alfresco.solr.tracker.ModelTracker.trackModels(ModelTracker.java:214)
	at org.alfresco.solr.tracker.ModelTracker.doTrack(ModelTracker.java:174)
	at org.alfresco.solr.tracker.AbstractTracker.track(AbstractTracker.java:190)
	at org.alfresco.solr.tracker.TrackerJob.execute(TrackerJob.java:54)
	at org.quartz.core.JobRunShell.run(JobRunShell.java:216)
	at org.quartz.simpl.SimpleThreadPool$WorkerThread.run(SimpleThreadPool.java:563)
2017-12-05 12:58:00,011 ERROR [org.alfresco.solr.tracker.AbstractTracker] Tracking failed
org.alfresco.error.AlfrescoRuntimeException: 11050022 api/solr/aclchangesets return status:404
	at org.alfresco.solr.client.SOLRAPIClient.getAclChangeSets(SOLRAPIClient.java:169)
	at org.alfresco.solr.tracker.AclTracker.checkRepoAndIndexConsistency(AclTracker.java:342)
	at org.alfresco.solr.tracker.AclTracker.trackRepository(AclTracker.java:320)
	at org.alfresco.solr.tracker.AclTracker.doTrack(AclTracker.java:111)
	at org.alfresco.solr.tracker.AbstractTracker.track(AbstractTracker.java:190)
	at org.alfresco.solr.tracker.TrackerJob.execute(TrackerJob.java:54)
	at org.quartz.core.JobRunShell.run(JobRunShell.java:216)
	at org.quartz.simpl.SimpleThreadPool$WorkerThread.run(SimpleThreadPool.java:563)
2017-12-05 12:58:00,014 ERROR [org.alfresco.solr.tracker.AbstractTracker] Tracking failed
org.alfresco.error.AlfrescoRuntimeException: 11050023 api/solr/aclchangesets return status:404
	at org.alfresco.solr.client.SOLRAPIClient.getAclChangeSets(SOLRAPIClient.java:169)
	at org.alfresco.solr.tracker.AclTracker.checkRepoAndIndexConsistency(AclTracker.java:342)
	at org.alfresco.solr.tracker.AclTracker.trackRepository(AclTracker.java:320)
	at org.alfresco.solr.tracker.AclTracker.doTrack(AclTracker.java:111)
	at org.alfresco.solr.tracker.AbstractTracker.track(AbstractTracker.java:190)
	at org.alfresco.solr.tracker.TrackerJob.execute(TrackerJob.java:54)
	at org.quartz.core.JobRunShell.run(JobRunShell.java:216)
	at org.quartz.simpl.SimpleThreadPool$WorkerThread.run(SimpleThreadPool.java:563)
2017-12-05 12:58:00,017 ERROR [org.alfresco.solr.tracker.AbstractTracker] Model tracking failed
org.alfresco.error.AlfrescoRuntimeException: 11050024 GetModelsDiff return status is 404
	at org.alfresco.solr.client.SOLRAPIClient.getModelsDiff(SOLRAPIClient.java:1181)
	at org.alfresco.solr.tracker.ModelTracker.trackModelsImpl(ModelTracker.java:256)
	at org.alfresco.solr.tracker.ModelTracker.trackModels(ModelTracker.java:214)
	at org.alfresco.solr.tracker.ModelTracker.ensureFirstModelSync(ModelTracker.java:236)
	at org.alfresco.solr.component.EnsureModelsComponent.prepare(EnsureModelsComponent.java:87)
	at org.apache.solr.handler.component.AlfrescoSearchHandler.handleRequestBody(AlfrescoSearchHandler.java:292)
	at org.apache.solr.handler.RequestHandlerBase.handleRequest(RequestHandlerBase.java:135)
	at org.alfresco.solr.Cloud.getResponse(Cloud.java:166)
	at org.alfresco.solr.Cloud.getSolrDocumentList(Cloud.java:150)
	at org.alfresco.solr.SolrInformationServer.getDocsWithUncleanContent(SolrInformationServer.java:722)
	at org.alfresco.solr.tracker.ContentTracker.doTrack(ContentTracker.java:81)
	at org.alfresco.solr.tracker.AbstractTracker.track(AbstractTracker.java:190)
	at org.alfresco.solr.tracker.TrackerJob.execute(TrackerJob.java:54)
	at org.quartz.core.JobRunShell.run(JobRunShell.java:216)
	at org.quartz.simpl.SimpleThreadPool$WorkerThread.run(SimpleThreadPool.java:563)
2017-12-05 12:58:00,023 ERROR [org.alfresco.solr.tracker.AbstractTracker] Model tracking failed
org.alfresco.error.AlfrescoRuntimeException: 11050025 GetModelsDiff return status is 404
	at org.alfresco.solr.client.SOLRAPIClient.getModelsDiff(SOLRAPIClient.java:1181)
	at org.alfresco.solr.tracker.ModelTracker.trackModelsImpl(ModelTracker.java:256)
	at org.alfresco.solr.tracker.ModelTracker.trackModels(ModelTracker.java:214)
	at org.alfresco.solr.tracker.ModelTracker.ensureFirstModelSync(ModelTracker.java:236)
	at org.alfresco.solr.component.EnsureModelsComponent.prepare(EnsureModelsComponent.java:87)
	at org.apache.solr.handler.component.AlfrescoSearchHandler.handleRequestBody(AlfrescoSearchHandler.java:292)
	at org.apache.solr.handler.RequestHandlerBase.handleRequest(RequestHandlerBase.java:135)
	at org.alfresco.solr.Cloud.getResponse(Cloud.java:166)
	at org.alfresco.solr.Cloud.getSolrDocumentList(Cloud.java:150)
	at org.alfresco.solr.SolrInformationServer.getDocsWithUncleanContent(SolrInformationServer.java:722)
	at org.alfresco.solr.tracker.ContentTracker.doTrack(ContentTracker.java:81)
	at org.alfresco.solr.tracker.AbstractTracker.track(AbstractTracker.java:190)
	at org.alfresco.solr.tracker.TrackerJob.execute(TrackerJob.java:54)
	at org.quartz.core.JobRunShell.run(JobRunShell.java:216)
	at org.quartz.simpl.SimpleThreadPool$WorkerThread.run(SimpleThreadPool.java:563)
2017-12-05 12:58:00,031 ERROR [org.alfresco.solr.tracker.AbstractTracker] Tracking failed
org.alfresco.error.AlfrescoRuntimeException: 11050026 GetModelsDiff return status is 404
	at org.alfresco.solr.client.SOLRAPIClient.getModelsDiff(SOLRAPIClient.java:1181)
	at org.alfresco.solr.tracker.ModelTracker.trackModelsImpl(ModelTracker.java:256)
	at org.alfresco.solr.tracker.ModelTracker.trackModels(ModelTracker.java:214)
	at org.alfresco.solr.tracker.ModelTracker.doTrack(ModelTracker.java:174)
	at org.alfresco.solr.tracker.AbstractTracker.track(AbstractTracker.java:190)
	at org.alfresco.solr.tracker.TrackerJob.execute(TrackerJob.java:54)
	at org.quartz.core.JobRunShell.run(JobRunShell.java:216)
	at org.quartz.simpl.SimpleThreadPool$WorkerThread.run(SimpleThreadPool.java:563)
2017-12-05 12:58:15,013 ERROR [org.alfresco.solr.tracker.AbstractTracker] Tracking failed
org.alfresco.error.AlfrescoRuntimeException: 11050028 api/solr/aclchangesets return status:404
	at org.alfresco.solr.client.SOLRAPIClient.getAclChangeSets(SOLRAPIClient.java:169)
	at org.alfresco.solr.tracker.AclTracker.checkRepoAndIndexConsistency(AclTracker.java:342)
	at org.alfresco.solr.tracker.AclTracker.trackRepository(AclTracker.java:320)
	at org.alfresco.solr.tracker.AclTracker.doTrack(AclTracker.java:111)
	at org.alfresco.solr.tracker.AbstractTracker.track(AbstractTracker.java:190)
	at org.alfresco.solr.tracker.TrackerJob.execute(TrackerJob.java:54)
	at org.quartz.core.JobRunShell.run(JobRunShell.java:216)
	at org.quartz.simpl.SimpleThreadPool$WorkerThread.run(SimpleThreadPool.java:563)
2017-12-05 12:58:15,013 ERROR [org.alfresco.solr.tracker.AbstractTracker] Tracking failed
org.alfresco.error.AlfrescoRuntimeException: 11050027 api/solr/aclchangesets return status:404
	at org.alfresco.solr.client.SOLRAPIClient.getAclChangeSets(SOLRAPIClient.java:169)
	at org.alfresco.solr.tracker.AclTracker.checkRepoAndIndexConsistency(AclTracker.java:342)
	at org.alfresco.solr.tracker.AclTracker.trackRepository(AclTracker.java:320)
	at org.alfresco.solr.tracker.AclTracker.doTrack(AclTracker.java:111)
	at org.alfresco.solr.tracker.AbstractTracker.track(AbstractTracker.java:190)
	at org.alfresco.solr.tracker.TrackerJob.execute(TrackerJob.java:54)
	at org.quartz.core.JobRunShell.run(JobRunShell.java:216)
	at org.quartz.simpl.SimpleThreadPool$WorkerThread.run(SimpleThreadPool.java:563)
2017-12-05 12:58:15,015 ERROR [org.alfresco.solr.tracker.AbstractTracker] Model tracking failed
org.alfresco.error.AlfrescoRuntimeException: 11050029 GetModelsDiff return status is 404
	at org.alfresco.solr.client.SOLRAPIClient.getModelsDiff(SOLRAPIClient.java:1181)
	at org.alfresco.solr.tracker.ModelTracker.trackModelsImpl(ModelTracker.java:256)
	at org.alfresco.solr.tracker.ModelTracker.trackModels(ModelTracker.java:214)
	at org.alfresco.solr.tracker.ModelTracker.ensureFirstModelSync(ModelTracker.java:236)
	at org.alfresco.solr.component.EnsureModelsComponent.prepare(EnsureModelsComponent.java:87)
	at org.apache.solr.handler.component.AlfrescoSearchHandler.handleRequestBody(AlfrescoSearchHandler.java:292)
	at org.apache.solr.handler.RequestHandlerBase.handleRequest(RequestHandlerBase.java:135)
	at org.alfresco.solr.Cloud.getResponse(Cloud.java:166)
	at org.alfresco.solr.Cloud.getSolrDocumentList(Cloud.java:150)
	at org.alfresco.solr.SolrInformationServer.getDocsWithUncleanContent(SolrInformationServer.java:722)
	at org.alfresco.solr.tracker.ContentTracker.doTrack(ContentTracker.java:81)
	at org.alfresco.solr.tracker.AbstractTracker.track(AbstractTracker.java:190)
	at org.alfresco.solr.tracker.TrackerJob.execute(TrackerJob.java:54)
	at org.quartz.core.JobRunShell.run(JobRunShell.java:216)
	at org.quartz.simpl.SimpleThreadPool$WorkerThread.run(SimpleThreadPool.java:563)
2017-12-05 12:58:15,021 ERROR [org.alfresco.solr.tracker.AbstractTracker] Model tracking failed
org.alfresco.error.AlfrescoRuntimeException: 11050030 GetModelsDiff return status is 404
	at org.alfresco.solr.client.SOLRAPIClient.getModelsDiff(SOLRAPIClient.java:1181)
	at org.alfresco.solr.tracker.ModelTracker.trackModelsImpl(ModelTracker.java:256)
	at org.alfresco.solr.tracker.ModelTracker.trackModels(ModelTracker.java:214)
	at org.alfresco.solr.tracker.ModelTracker.ensureFirstModelSync(ModelTracker.java:236)
	at org.alfresco.solr.component.EnsureModelsComponent.prepare(EnsureModelsComponent.java:87)
	at org.apache.solr.handler.component.AlfrescoSearchHandler.handleRequestBody(AlfrescoSearchHandler.java:292)
	at org.apache.solr.handler.RequestHandlerBase.handleRequest(RequestHandlerBase.java:135)
	at org.alfresco.solr.Cloud.getResponse(Cloud.java:166)
	at org.alfresco.solr.Cloud.getSolrDocumentList(Cloud.java:150)
	at org.alfresco.solr.SolrInformationServer.getDocsWithUncleanContent(SolrInformationServer.java:722)
	at org.alfresco.solr.tracker.ContentTracker.doTrack(ContentTracker.java:81)
	at org.alfresco.solr.tracker.AbstractTracker.track(AbstractTracker.java:190)
	at org.alfresco.solr.tracker.TrackerJob.execute(TrackerJob.java:54)
	at org.quartz.core.JobRunShell.run(JobRunShell.java:216)
	at org.quartz.simpl.SimpleThreadPool$WorkerThread.run(SimpleThreadPool.java:563)
2017-12-05 12:58:15,030 ERROR [org.alfresco.solr.tracker.AbstractTracker] Tracking failed
org.alfresco.error.AlfrescoRuntimeException: 11050031 GetModelsDiff return status is 404
	at org.alfresco.solr.client.SOLRAPIClient.getModelsDiff(SOLRAPIClient.java:1181)
	at org.alfresco.solr.tracker.ModelTracker.trackModelsImpl(ModelTracker.java:256)
	at org.alfresco.solr.tracker.ModelTracker.trackModels(ModelTracker.java:214)
	at org.alfresco.solr.tracker.ModelTracker.doTrack(ModelTracker.java:174)
	at org.alfresco.solr.tracker.AbstractTracker.track(AbstractTracker.java:190)
	at org.alfresco.solr.tracker.TrackerJob.execute(TrackerJob.java:54)
	at org.quartz.core.JobRunShell.run(JobRunShell.java:216)
	at org.quartz.simpl.SimpleThreadPool$WorkerThread.run(SimpleThreadPool.java:563)
2017-12-05 13:02:08,875 INFO  [org.alfresco.solr.component.AsyncBuildSuggestComponent] Initializing SuggestComponent
2017-12-05 13:02:08,875 INFO  [org.alfresco.solr.component.AsyncBuildSuggestComponent] Initializing SuggestComponent
2017-12-05 13:02:09,060 INFO  [org.alfresco.solr.component.AsyncBuildSuggestComponent] Loading suggester index for: shingleBasedSuggestions
2017-12-05 13:02:09,090 INFO  [org.alfresco.solr.component.AsyncBuildSuggestComponent] Loaded suggester shingleBasedSuggestions, took 30 ms
2017-12-05 13:02:20,690 ERROR [org.alfresco.solr.tracker.AbstractTracker] Model tracking failed
org.alfresco.error.AlfrescoRuntimeException: 11050000 GetModelsDiff return status is 404
	at org.alfresco.solr.client.SOLRAPIClient.getModelsDiff(SOLRAPIClient.java:1181)
	at org.alfresco.solr.tracker.ModelTracker.trackModelsImpl(ModelTracker.java:256)
	at org.alfresco.solr.tracker.ModelTracker.trackModels(ModelTracker.java:214)
	at org.alfresco.solr.tracker.ModelTracker.ensureFirstModelSync(ModelTracker.java:236)
	at org.alfresco.solr.tracker.CoreWatcherJob.registerForCore(CoreWatcherJob.java:145)
	at org.alfresco.solr.tracker.CoreWatcherJob.execute(CoreWatcherJob.java:82)
	at org.quartz.core.JobRunShell.run(JobRunShell.java:216)
	at org.quartz.simpl.SimpleThreadPool$WorkerThread.run(SimpleThreadPool.java:563)
2017-12-05 13:02:20,732 ERROR [org.alfresco.solr.tracker.AbstractTracker] Model tracking failed
org.alfresco.error.AlfrescoRuntimeException: 11050001 GetModelsDiff return status is 404
	at org.alfresco.solr.client.SOLRAPIClient.getModelsDiff(SOLRAPIClient.java:1181)
	at org.alfresco.solr.tracker.ModelTracker.trackModelsImpl(ModelTracker.java:256)
	at org.alfresco.solr.tracker.ModelTracker.trackModels(ModelTracker.java:214)
	at org.alfresco.solr.tracker.ModelTracker.ensureFirstModelSync(ModelTracker.java:236)
	at org.alfresco.solr.tracker.CoreWatcherJob.registerForCore(CoreWatcherJob.java:145)
	at org.alfresco.solr.tracker.CoreWatcherJob.execute(CoreWatcherJob.java:82)
	at org.quartz.core.JobRunShell.run(JobRunShell.java:216)
	at org.quartz.simpl.SimpleThreadPool$WorkerThread.run(SimpleThreadPool.java:563)
2017-12-05 13:03:51,946 INFO  [org.alfresco.solr.component.AsyncBuildSuggestComponent] Initializing SuggestComponent
2017-12-05 13:03:51,946 INFO  [org.alfresco.solr.component.AsyncBuildSuggestComponent] Initializing SuggestComponent
2017-12-05 13:03:52,094 INFO  [org.alfresco.solr.component.AsyncBuildSuggestComponent] Loading suggester index for: shingleBasedSuggestions
2017-12-05 13:03:52,149 INFO  [org.alfresco.solr.component.AsyncBuildSuggestComponent] Loaded suggester shingleBasedSuggestions, took 55 ms
2017-12-05 13:06:10,871 INFO  [org.alfresco.solr.component.AsyncBuildSuggestComponent] Initializing SuggestComponent
2017-12-05 13:06:10,871 INFO  [org.alfresco.solr.component.AsyncBuildSuggestComponent] Initializing SuggestComponent
2017-12-05 13:06:11,024 INFO  [org.alfresco.solr.component.AsyncBuildSuggestComponent] Loading suggester index for: shingleBasedSuggestions
2017-12-05 13:06:11,051 INFO  [org.alfresco.solr.component.AsyncBuildSuggestComponent] Loaded suggester shingleBasedSuggestions, took 26 ms
2017-12-05 13:07:30,002 ERROR [org.apache.solr.core.SolrCore] org.apache.solr.common.SolrException: openNewSearcher called on closed core
	at org.apache.solr.core.SolrCore.openNewSearcher(SolrCore.java:1447)
	at org.apache.solr.core.SolrCore.getRealtimeSearcher(SolrCore.java:1422)
	at org.apache.solr.handler.component.RealTimeGetComponent.process(RealTimeGetComponent.java:170)
	at org.apache.solr.handler.component.SearchHandler.handleRequestBody(SearchHandler.java:218)
	at org.apache.solr.handler.RequestHandlerBase.handleRequest(RequestHandlerBase.java:135)
	at org.alfresco.solr.SolrInformationServer.getTrackerInitialState(SolrInformationServer.java:1162)
	at org.alfresco.solr.tracker.AbstractTracker.getTrackerState(AbstractTracker.java:287)
	at org.alfresco.solr.tracker.AbstractTracker.track(AbstractTracker.java:178)
	at org.alfresco.solr.tracker.TrackerJob.execute(TrackerJob.java:54)
	at org.quartz.core.JobRunShell.run(JobRunShell.java:216)
	at org.quartz.simpl.SimpleThreadPool$WorkerThread.run(SimpleThreadPool.java:563)

2017-12-05 13:07:30,004 ERROR [org.quartz.core.JobRunShell] Job Solr.ModelTracker-archive threw an unhandled Exception: 
java.lang.NullPointerException
	at org.alfresco.solr.SolrInformationServer.getTrackerInitialState(SolrInformationServer.java:1169)
	at org.alfresco.solr.tracker.AbstractTracker.getTrackerState(AbstractTracker.java:287)
	at org.alfresco.solr.tracker.AbstractTracker.track(AbstractTracker.java:178)
	at org.alfresco.solr.tracker.TrackerJob.execute(TrackerJob.java:54)
	at org.quartz.core.JobRunShell.run(JobRunShell.java:216)
	at org.quartz.simpl.SimpleThreadPool$WorkerThread.run(SimpleThreadPool.java:563)
2017-12-05 13:07:30,007 ERROR [org.quartz.core.ErrorLogger] Job (Solr.ModelTracker-archive threw an exception.
org.quartz.SchedulerException: Job threw an unhandled exception. [See nested exception: java.lang.NullPointerException]
	at org.quartz.core.JobRunShell.run(JobRunShell.java:227)
	at org.quartz.simpl.SimpleThreadPool$WorkerThread.run(SimpleThreadPool.java:563)
Caused by: java.lang.NullPointerException
	at org.alfresco.solr.SolrInformationServer.getTrackerInitialState(SolrInformationServer.java:1169)
	at org.alfresco.solr.tracker.AbstractTracker.getTrackerState(AbstractTracker.java:287)
	at org.alfresco.solr.tracker.AbstractTracker.track(AbstractTracker.java:178)
	at org.alfresco.solr.tracker.TrackerJob.execute(TrackerJob.java:54)
	at org.quartz.core.JobRunShell.run(JobRunShell.java:216)
	... 1 more
